<?xml version="1.0" encoding="UTF-8" ?>
<testsuite errors="0" failures="0" hostname="Atlantia.local" name="com.flatironschool.javacs.JedisIndexTest" skipped="0" tests="1" time="170.196" timestamp="2016-08-02T15:36:16">
  <properties>
[...]
</properties>
  <testcase classname="com.flatironschool.javacs.JedisIndexTest" name="testGetCounts" time="170.077" />
  <system-out><![CDATA[Starting.
JedisIndex called
Made jedisindex. Running loadIndex
Running loadIndex
indexPage called for url: https://en.wikipedia.org/wiki/Java_(programming_language)
Set at  is: https://en.wikipedia.org/wiki/Java_(programming_language)
Set at exception is: https://en.wikipedia.org/wiki/Java_(programming_language)
Set at javabeans is: https://en.wikipedia.org/wiki/Java_(programming_language)
Set at references is: https://en.wikipedia.org/wiki/Java_(programming_language)
Set at allowed is: https://en.wikipedia.org/wiki/Java_(programming_language)
Set at objects is: https://en.wikipedia.org/wiki/Java_(programming_language)
Set at setvisible is: https://en.wikipedia.org/wiki/Java_(programming_language)
Set at recognized is: https://en.wikipedia.org/wiki/Java_(programming_language)
Set at slower is: https://en.wikipedia.org/wiki/Java_(programming_language)
Set at without is: https://en.wikipedia.org/wiki/Java_(programming_language)
Set at these is: https://en.wikipedia.org/wiki/Java_(programming_language)
Set at printwriter is: https://en.wikipedia.org/wiki/Java_(programming_language)
Set at introduced is: https://en.wikipedia.org/wiki/Java_(programming_language)
Set at would is: https://en.wikipedia.org/wiki/Java_(programming_language)
Set at protected is: https://en.wikipedia.org/wiki/Java_(programming_language)
Set at because is: https://en.wikipedia.org/wiki/Java_(programming_language)
Set at ioexception is: https://en.wikipedia.org/wiki/Java_(programming_language)
Set at packaged is: https://en.wikipedia.org/wiki/Java_(programming_language)
Set at $ is: https://en.wikipedia.org/wiki/Java_(programming_language)
Set at devices is: https://en.wikipedia.org/wiki/Java_(programming_language)
Set at fairly is: https://en.wikipedia.org/wiki/Java_(programming_language)
Set at google is: https://en.wikipedia.org/wiki/Java_(programming_language)
Set at optional is: https://en.wikipedia.org/wiki/Java_(programming_language)
Set at require is: https://en.wikipedia.org/wiki/Java_(programming_language)
Set at community is: https://en.wikipedia.org/wiki/Java_(programming_language)
Set at analysis is: https://en.wikipedia.org/wiki/Java_(programming_language)
Set at packages is: https://en.wikipedia.org/wiki/Java_(programming_language)
Set at version is: https://en.wikipedia.org/wiki/Java_(programming_language)
Set at adapted is: https://en.wikipedia.org/wiki/Java_(programming_language)
Set at 0 is: https://en.wikipedia.org/wiki/Java_(programming_language)
Set at standards is: https://en.wikipedia.org/wiki/Java_(programming_language)
Set at 1 is: https://en.wikipedia.org/wiki/Java_(programming_language)
Set at reuses is: https://en.wikipedia.org/wiki/Java_(programming_language)
Set at 2 is: https://en.wikipedia.org/wiki/Java_(programming_language)
Set at contains is: https://en.wikipedia.org/wiki/Java_(programming_language)
Set at size is: https://en.wikipedia.org/wiki/Java_(programming_language)
Set at 5 is: https://en.wikipedia.org/wiki/Java_(programming_language)
Set at left is: https://en.wikipedia.org/wiki/Java_(programming_language)
Set at 6 is: https://en.wikipedia.org/wiki/Java_(programming_language)
Set at 7 is: https://en.wikipedia.org/wiki/Java_(programming_language)
Set at 8 is: https://en.wikipedia.org/wiki/Java_(programming_language)
Set at historically is: https://en.wikipedia.org/wiki/Java_(programming_language)
Set at 9 is: https://en.wikipedia.org/wiki/Java_(programming_language)
Set at returns is: https://en.wikipedia.org/wiki/Java_(programming_language)
Set at < is: https://en.wikipedia.org/wiki/Java_(programming_language)
Set at much is: https://en.wikipedia.org/wiki/Java_(programming_language)
Set at > is: https://en.wikipedia.org/wiki/Java_(programming_language)
Set at object is: https://en.wikipedia.org/wiki/Java_(programming_language)
Set at shortly is: https://en.wikipedia.org/wiki/Java_(programming_language)
Set at providing is: https://en.wikipedia.org/wiki/Java_(programming_language)
Set at role is: https://en.wikipedia.org/wiki/Java_(programming_language)
Set at independent is: https://en.wikipedia.org/wiki/Java_(programming_language)
Set at notable is: https://en.wikipedia.org/wiki/Java_(programming_language)
Set at manual is: https://en.wikipedia.org/wiki/Java_(programming_language)
Set at example is: https://en.wikipedia.org/wiki/Java_(programming_language)
Set at result is: https://en.wikipedia.org/wiki/Java_(programming_language)
Set at characters is: https://en.wikipedia.org/wiki/Java_(programming_language)
Set at smartphones is: https://en.wikipedia.org/wiki/Java_(programming_language)
Set at after is: https://en.wikipedia.org/wiki/Java_(programming_language)
Set at solaris is: https://en.wikipedia.org/wiki/Java_(programming_language)
Set at close is: https://en.wikipedia.org/wiki/Java_(programming_language)
Set at computers is: https://en.wikipedia.org/wiki/Java_(programming_language)
Set at resigned is: https://en.wikipedia.org/wiki/Java_(programming_language)
Set at sweep is: https://en.wikipedia.org/wiki/Java_(programming_language)
Set at annotation is: https://en.wikipedia.org/wiki/Java_(programming_language)
Set at haskell is: https://en.wikipedia.org/wiki/Java_(programming_language)
Set at a is: https://en.wikipedia.org/wiki/Java_(programming_language)
Set at fostering is: https://en.wikipedia.org/wiki/Java_(programming_language)
Set at c is: https://en.wikipedia.org/wiki/Java_(programming_language)
Set at licensed is: https://en.wikipedia.org/wiki/Java_(programming_language)
Set at sets is: https://en.wikipedia.org/wiki/Java_(programming_language)
Set at e is: https://en.wikipedia.org/wiki/Java_(programming_language)
Set at copyrights is: https://en.wikipedia.org/wiki/Java_(programming_language)
Set at kernel is: https://en.wikipedia.org/wiki/Java_(programming_language)
Set at i is: https://en.wikipedia.org/wiki/Java_(programming_language)
Set at combines is: https://en.wikipedia.org/wiki/Java_(programming_language)
Set at logical is: https://en.wikipedia.org/wiki/Java_(programming_language)
Set at printing is: https://en.wikipedia.org/wiki/Java_(programming_language)
Set at gnu is: https://en.wikipedia.org/wiki/Java_(programming_language)
Set at the is: https://en.wikipedia.org/wiki/Java_(programming_language)
Set at component is: https://en.wikipedia.org/wiki/Java_(programming_language)
Set at licenses is: https://en.wikipedia.org/wiki/Java_(programming_language)
Set at swing is: https://en.wikipedia.org/wiki/Java_(programming_language)
Set at s is: https://en.wikipedia.org/wiki/Java_(programming_language)
Set at calling is: https://en.wikipedia.org/wiki/Java_(programming_language)
Set at x is: https://en.wikipedia.org/wiki/Java_(programming_language)
Set at routines is: https://en.wikipedia.org/wiki/Java_(programming_language)
Set at returned is: https://en.wikipedia.org/wiki/Java_(programming_language)
Set at discuss is: https://en.wikipedia.org/wiki/Java_(programming_language)
Set at standard is: https://en.wikipedia.org/wiki/Java_(programming_language)
Set at november is: https://en.wikipedia.org/wiki/Java_(programming_language)
Set at instructions is: https://en.wikipedia.org/wiki/Java_(programming_language)
Set at servletrequest is: https://en.wikipedia.org/wiki/Java_(programming_language)
Set at harmony is: https://en.wikipedia.org/wiki/Java_(programming_language)
Set at iso is: https://en.wikipedia.org/wiki/Java_(programming_language)
Set at keywords is: https://en.wikipedia.org/wiki/Java_(programming_language)
Set at official is: https://en.wikipedia.org/wiki/Java_(programming_language)
Set at specifications is: https://en.wikipedia.org/wiki/Java_(programming_language)
Set at j2me is: https://en.wikipedia.org/wiki/Java_(programming_language)
Set at generated is: https://en.wikipedia.org/wiki/Java_(programming_language)
Set at incorporated is: https://en.wikipedia.org/wiki/Java_(programming_language)
Set at others is: https://en.wikipedia.org/wiki/Java_(programming_language)
Set at nonexistent is: https://en.wikipedia.org/wiki/Java_(programming_language)
Set at add is: https://en.wikipedia.org/wiki/Java_(programming_language)
Set at gpl is: https://en.wikipedia.org/wiki/Java_(programming_language)
Set at making is: https://en.wikipedia.org/wiki/Java_(programming_language)
Set at need is: https://en.wikipedia.org/wiki/Java_(programming_language)
Set at originally is: https://en.wikipedia.org/wiki/Java_(programming_language)
Set at its is: https://en.wikipedia.org/wiki/Java_(programming_language)
Set at often is: https://en.wikipedia.org/wiki/Java_(programming_language)
Set at users is: https://en.wikipedia.org/wiki/Java_(programming_language)
Set at aside is: https://en.wikipedia.org/wiki/Java_(programming_language)
Set at http is: https://en.wikipedia.org/wiki/Java_(programming_language)
Set at private is: https://en.wikipedia.org/wiki/Java_(programming_language)
Set at united is: https://en.wikipedia.org/wiki/Java_(programming_language)
Set at provided is: https://en.wikipedia.org/wiki/Java_(programming_language)
Set at standardization is: https://en.wikipedia.org/wiki/Java_(programming_language)
Set at interface is: https://en.wikipedia.org/wiki/Java_(programming_language)
Set at representation is: https://en.wikipedia.org/wiki/Java_(programming_language)
Set at directory is: https://en.wikipedia.org/wiki/Java_(programming_language)
Set at prevent is: https://en.wikipedia.org/wiki/Java_(programming_language)
Set at compiled is: https://en.wikipedia.org/wiki/Java_(programming_language)
Set at producing is: https://en.wikipedia.org/wiki/Java_(programming_language)
Set at appended is: https://en.wikipedia.org/wiki/Java_(programming_language)
Set at provides is: https://en.wikipedia.org/wiki/Java_(programming_language)
Set at responsible is: https://en.wikipedia.org/wiki/Java_(programming_language)
Set at patrick is: https://en.wikipedia.org/wiki/Java_(programming_language)
Set at end is: https://en.wikipedia.org/wiki/Java_(programming_language)
Set at compiler is: https://en.wikipedia.org/wiki/Java_(programming_language)
Set at laptops is: https://en.wikipedia.org/wiki/Java_(programming_language)
Set at compiles is: https://en.wikipedia.org/wiki/Java_(programming_language)
Set at citation is: https://en.wikipedia.org/wiki/Java_(programming_language)
Set at multiple is: https://en.wikipedia.org/wiki/Java_(programming_language)
Set at mobile is: https://en.wikipedia.org/wiki/Java_(programming_language)
Set at perform is: https://en.wikipedia.org/wiki/Java_(programming_language)
Set at rich is: https://en.wikipedia.org/wiki/Java_(programming_language)
Set at label is: https://en.wikipedia.org/wiki/Java_(programming_language)
Set at better is: https://en.wikipedia.org/wiki/Java_(programming_language)
Set at args is: https://en.wikipedia.org/wiki/Java_(programming_language)
Set at special is: https://en.wikipedia.org/wiki/Java_(programming_language)
Set at with is: https://en.wikipedia.org/wiki/Java_(programming_language)
Set at environment is: https://en.wikipedia.org/wiki/Java_(programming_language)
Set at referenced is: https://en.wikipedia.org/wiki/Java_(programming_language)
Set at service is: https://en.wikipedia.org/wiki/Java_(programming_language)
Set at coffee is: https://en.wikipedia.org/wiki/Java_(programming_language)
Set at there is: https://en.wikipedia.org/wiki/Java_(programming_language)
Set at syntax is: https://en.wikipedia.org/wiki/Java_(programming_language)
Set at achieved is: https://en.wikipedia.org/wiki/Java_(programming_language)
Set at well is: https://en.wikipedia.org/wiki/Java_(programming_language)
Set at handling is: https://en.wikipedia.org/wiki/Java_(programming_language)
Set at personaljava is: https://en.wikipedia.org/wiki/Java_(programming_language)
Set at c++ is: https://en.wikipedia.org/wiki/Java_(programming_language)
Set at copyright is: https://en.wikipedia.org/wiki/Java_(programming_language)
Set at named is: https://en.wikipedia.org/wiki/Java_(programming_language)
Set at called is: https://en.wikipedia.org/wiki/Java_(programming_language)
Set at executables is: https://en.wikipedia.org/wiki/Java_(programming_language)
Set at told is: https://en.wikipedia.org/wiki/Java_(programming_language)
Set at configurations is: https://en.wikipedia.org/wiki/Java_(programming_language)
Set at release is: https://en.wikipedia.org/wiki/Java_(programming_language)
Set at considered is: https://en.wikipedia.org/wiki/Java_(programming_language)
Set at arithmetic is: https://en.wikipedia.org/wiki/Java_(programming_language)
Set at occurs is: https://en.wikipedia.org/wiki/Java_(programming_language)
Set at accessed is: https://en.wikipedia.org/wiki/Java_(programming_language)
Set at number is: https://en.wikipedia.org/wiki/Java_(programming_language)
Set at responding is: https://en.wikipedia.org/wiki/Java_(programming_language)
Set at genericservlet is: https://en.wikipedia.org/wiki/Java_(programming_language)
Set at centers is: https://en.wikipedia.org/wiki/Java_(programming_language)
Set at judge is: https://en.wikipedia.org/wiki/Java_(programming_language)
Set at write is: https://en.wikipedia.org/wiki/Java_(programming_language)
Set at order is: https://en.wikipedia.org/wiki/Java_(programming_language)
Set at cooperation is: https://en.wikipedia.org/wiki/Java_(programming_language)
Set at similar is: https://en.wikipedia.org/wiki/Java_(programming_language)
Set at went is: https://en.wikipedia.org/wiki/Java_(programming_language)
Set at jcomponent is: https://en.wikipedia.org/wiki/Java_(programming_language)
Set at corporation is: https://en.wikipedia.org/wiki/Java_(programming_language)
Set at programmer is: https://en.wikipedia.org/wiki/Java_(programming_language)
Set at specify is: https://en.wikipedia.org/wiki/Java_(programming_language)
Set at underlying is: https://en.wikipedia.org/wiki/Java_(programming_language)
Set at slowly is: https://en.wikipedia.org/wiki/Java_(programming_language)
Set at exit is: https://en.wikipedia.org/wiki/Java_(programming_language)
Set at system is: https://en.wikipedia.org/wiki/Java_(programming_language)
Set at million is: https://en.wikipedia.org/wiki/Java_(programming_language)
Set at even is: https://en.wikipedia.org/wiki/Java_(programming_language)
Set at transparency is: https://en.wikipedia.org/wiki/Java_(programming_language)
Set at gui is: https://en.wikipedia.org/wiki/Java_(programming_language)
Set at other is: https://en.wikipedia.org/wiki/Java_(programming_language)
Set at circuit is: https://en.wikipedia.org/wiki/Java_(programming_language)
Set at indicated is: https://en.wikipedia.org/wiki/Java_(programming_language)
Set at against is: https://en.wikipedia.org/wiki/Java_(programming_language)
Set at cms is: https://en.wikipedia.org/wiki/Java_(programming_language)
Set at respectively is: https://en.wikipedia.org/wiki/Java_(programming_language)
Set at functionality is: https://en.wikipedia.org/wiki/Java_(programming_language)
Set at portability is: https://en.wikipedia.org/wiki/Java_(programming_language)
Set at top is: https://en.wikipedia.org/wiki/Java_(programming_language)
Set at too is: https://en.wikipedia.org/wiki/Java_(programming_language)
Set at native is: https://en.wikipedia.org/wiki/Java_(programming_language)
Set at indicates is: https://en.wikipedia.org/wiki/Java_(programming_language)
Set at have is: https://en.wikipedia.org/wiki/Java_(programming_language)
Set at particularly is: https://en.wikipedia.org/wiki/Java_(programming_language)
Set at television is: https://en.wikipedia.org/wiki/Java_(programming_language)
Set at j2se is: https://en.wikipedia.org/wiki/Java_(programming_language)
Set at inconsistent is: https://en.wikipedia.org/wiki/Java_(programming_language)
Set at interchangeably is: https://en.wikipedia.org/wiki/Java_(programming_language)
Set at framework is: https://en.wikipedia.org/wiki/Java_(programming_language)
Set at requiring is: https://en.wikipedia.org/wiki/Java_(programming_language)
Set at regard is: https://en.wikipedia.org/wiki/Java_(programming_language)
Set at stored is: https://en.wikipedia.org/wiki/Java_(programming_language)
Set at attributes is: https://en.wikipedia.org/wiki/Java_(programming_language)
Set at francisco is: https://en.wikipedia.org/wiki/Java_(programming_language)
Set at environments is: https://en.wikipedia.org/wiki/Java_(programming_language)
Set at steward is: https://en.wikipedia.org/wiki/Java_(programming_language)
Set at almost is: https://en.wikipedia.org/wiki/Java_(programming_language)
Set at modifier is: https://en.wikipedia.org/wiki/Java_(programming_language)
Set at implicitly is: https://en.wikipedia.org/wiki/Java_(programming_language)
Set at prevents is: https://en.wikipedia.org/wiki/Java_(programming_language)
Set at simplifies is: https://en.wikipedia.org/wiki/Java_(programming_language)
Set at body is: https://en.wikipedia.org/wiki/Java_(programming_language)
Set at upon is: https://en.wikipedia.org/wiki/Java_(programming_language)
Set at platforms is: https://en.wikipedia.org/wiki/Java_(programming_language)
Set at rmi is: https://en.wikipedia.org/wiki/Java_(programming_language)
Set at identical is: https://en.wikipedia.org/wiki/Java_(programming_language)
Set at pages is: https://en.wikipedia.org/wiki/Java_(programming_language)
Set at declares is: https://en.wikipedia.org/wiki/Java_(programming_language)
Set at earlier is: https://en.wikipedia.org/wiki/Java_(programming_language)
Set at etc is: https://en.wikipedia.org/wiki/Java_(programming_language)
Set at windowconstants is: https://en.wikipedia.org/wiki/Java_(programming_language)
Set at members is: https://en.wikipedia.org/wiki/Java_(programming_language)
Set at motif is: https://en.wikipedia.org/wiki/Java_(programming_language)
Set at cable is: https://en.wikipedia.org/wiki/Java_(programming_language)
Set at all is: https://en.wikipedia.org/wiki/Java_(programming_language)
Set at always is: https://en.wikipedia.org/wiki/Java_(programming_language)
Set at new is: https://en.wikipedia.org/wiki/Java_(programming_language)
Set at void is: https://en.wikipedia.org/wiki/Java_(programming_language)
Set at including is: https://en.wikipedia.org/wiki/Java_(programming_language)
Set at clones is: https://en.wikipedia.org/wiki/Java_(programming_language)
Set at below is: https://en.wikipedia.org/wiki/Java_(programming_language)
Set at already is: https://en.wikipedia.org/wiki/Java_(programming_language)
Set at lay is: https://en.wikipedia.org/wiki/Java_(programming_language)
Set at guaranteed is: https://en.wikipedia.org/wiki/Java_(programming_language)
Set at basis is: https://en.wikipedia.org/wiki/Java_(programming_language)
Set at 200 is: https://en.wikipedia.org/wiki/Java_(programming_language)
Set at rigorous is: https://en.wikipedia.org/wiki/Java_(programming_language)
Set at apis is: https://en.wikipedia.org/wiki/Java_(programming_language)
Set at were is: https://en.wikipedia.org/wiki/Java_(programming_language)
Set at remedied is: https://en.wikipedia.org/wiki/Java_(programming_language)
Set at translates is: https://en.wikipedia.org/wiki/Java_(programming_language)
Set at specialized is: https://en.wikipedia.org/wiki/Java_(programming_language)
Set at became is: https://en.wikipedia.org/wiki/Java_(programming_language)
Set at initiated is: https://en.wikipedia.org/wiki/Java_(programming_language)
Set at influenced is: https://en.wikipedia.org/wiki/Java_(programming_language)
Set at cause is: https://en.wikipedia.org/wiki/Java_(programming_language)
Set at times is: https://en.wikipedia.org/wiki/Java_(programming_language)
Set at similarly is: https://en.wikipedia.org/wiki/Java_(programming_language)
Set at and is: https://en.wikipedia.org/wiki/Java_(programming_language)
Set at intended is: https://en.wikipedia.org/wiki/Java_(programming_language)
Set at design is: https://en.wikipedia.org/wiki/Java_(programming_language)
Set at extra is: https://en.wikipedia.org/wiki/Java_(programming_language)
Set at predict is: https://en.wikipedia.org/wiki/Java_(programming_language)
Set at universal is: https://en.wikipedia.org/wiki/Java_(programming_language)
Set at declared is: https://en.wikipedia.org/wiki/Java_(programming_language)
Set at comments is: https://en.wikipedia.org/wiki/Java_(programming_language)
Set at automatic is: https://en.wikipedia.org/wiki/Java_(programming_language)
Set at bytecodes is: https://en.wikipedia.org/wiki/Java_(programming_language)
Set at specific is: https://en.wikipedia.org/wiki/Java_(programming_language)
Set at any is: https://en.wikipedia.org/wiki/Java_(programming_language)
Set at despite is: https://en.wikipedia.org/wiki/Java_(programming_language)
Set at caller is: https://en.wikipedia.org/wiki/Java_(programming_language)
Set at application is: https://en.wikipedia.org/wiki/Java_(programming_language)
Set at compilation is: https://en.wikipedia.org/wiki/Java_(programming_language)
Set at inherited is: https://en.wikipedia.org/wiki/Java_(programming_language)
Set at jframe is: https://en.wikipedia.org/wiki/Java_(programming_language)
Set at unsigned is: https://en.wikipedia.org/wiki/Java_(programming_language)
Set at until is: https://en.wikipedia.org/wiki/Java_(programming_language)
Set at machines is: https://en.wikipedia.org/wiki/Java_(programming_language)
Set at respond is: https://en.wikipedia.org/wiki/Java_(programming_language)
Set at servletresponse is: https://en.wikipedia.org/wiki/Java_(programming_language)
Set at renamed is: https://en.wikipedia.org/wiki/Java_(programming_language)
Set at extending is: https://en.wikipedia.org/wiki/Java_(programming_language)
Set at reversed is: https://en.wikipedia.org/wiki/Java_(programming_language)
Set at thought is: https://en.wikipedia.org/wiki/Java_(programming_language)
Set at compiling is: https://en.wikipedia.org/wiki/Java_(programming_language)
Set at led is: https://en.wikipedia.org/wiki/Java_(programming_language)
Set at anywhere is: https://en.wikipedia.org/wiki/Java_(programming_language)
Set at deallocated is: https://en.wikipedia.org/wiki/Java_(programming_language)
Set at defines is: https://en.wikipedia.org/wiki/Java_(programming_language)
Set at companies is: https://en.wikipedia.org/wiki/Java_(programming_language)
Set at java is: https://en.wikipedia.org/wiki/Java_(programming_language)
Set at recompilation is: https://en.wikipedia.org/wiki/Java_(programming_language)
Set at let is: https://en.wikipedia.org/wiki/Java_(programming_language)
Set at jar is: https://en.wikipedia.org/wiki/Java_(programming_language)
Set at pointers is: https://en.wikipedia.org/wiki/Java_(programming_language)
Set at defined is: https://en.wikipedia.org/wiki/Java_(programming_language)
Set at fully is: https://en.wikipedia.org/wiki/Java_(programming_language)
Set at events is: https://en.wikipedia.org/wiki/Java_(programming_language)
Set at microcontrollers is: https://en.wikipedia.org/wiki/Java_(programming_language)
Set at element is: https://en.wikipedia.org/wiki/Java_(programming_language)
Set at displayed is: https://en.wikipedia.org/wiki/Java_(programming_language)
Set at using is: https://en.wikipedia.org/wiki/Java_(programming_language)
Set at began is: https://en.wikipedia.org/wiki/Java_(programming_language)
Set at remain is: https://en.wikipedia.org/wiki/Java_(programming_language)
Set at containing is: https://en.wikipedia.org/wiki/Java_(programming_language)
Set at pack is: https://en.wikipedia.org/wiki/Java_(programming_language)
Set at each is: https://en.wikipedia.org/wiki/Java_(programming_language)
Set at width= is: https://en.wikipedia.org/wiki/Java_(programming_language)
Set at creating is: https://en.wikipedia.org/wiki/Java_(programming_language)
Set at must is: https://en.wikipedia.org/wiki/Java_(programming_language)
Set at styles is: https://en.wikipedia.org/wiki/Java_(programming_language)
Set at bytecode is: https://en.wikipedia.org/wiki/Java_(programming_language)
Set at complexity is: https://en.wikipedia.org/wiki/Java_(programming_language)
Set at feels is: https://en.wikipedia.org/wiki/Java_(programming_language)
Set at fqcn is: https://en.wikipedia.org/wiki/Java_(programming_language)
Set at another is: https://en.wikipedia.org/wiki/Java_(programming_language)
Set at automatically is: https://en.wikipedia.org/wiki/Java_(programming_language)
Set at document is: https://en.wikipedia.org/wiki/Java_(programming_language)
Set at concurrent is: https://en.wikipedia.org/wiki/Java_(programming_language)
Set at facto is: https://en.wikipedia.org/wiki/Java_(programming_language)
Set at two is: https://en.wikipedia.org/wiki/Java_(programming_language)
Set at default is: https://en.wikipedia.org/wiki/Java_(programming_language)
Set at releasing is: https://en.wikipedia.org/wiki/Java_(programming_language)
Set at found is: https://en.wikipedia.org/wiki/Java_(programming_language)
Set at are is: https://en.wikipedia.org/wiki/Java_(programming_language)
Set at does is: https://en.wikipedia.org/wiki/Java_(programming_language)
Set at code= is: https://en.wikipedia.org/wiki/Java_(programming_language)
Set at delimiters is: https://en.wikipedia.org/wiki/Java_(programming_language)
Set at reported is: https://en.wikipedia.org/wiki/Java_(programming_language)
Set at structured is: https://en.wikipedia.org/wiki/Java_(programming_language)
Set at where is: https://en.wikipedia.org/wiki/Java_(programming_language)
Set at attribute is: https://en.wikipedia.org/wiki/Java_(programming_language)
Set at mechanism is: https://en.wikipedia.org/wiki/Java_(programming_language)
Set at popular is: https://en.wikipedia.org/wiki/Java_(programming_language)
Set at arm is: https://en.wikipedia.org/wiki/Java_(programming_language)
Set at escape is: https://en.wikipedia.org/wiki/Java_(programming_language)
Set at graphic is: https://en.wikipedia.org/wiki/Java_(programming_language)
Set at creation is: https://en.wikipedia.org/wiki/Java_(programming_language)
Set at latest is: https://en.wikipedia.org/wiki/Java_(programming_language)
Set at vice is: https://en.wikipedia.org/wiki/Java_(programming_language)
Set at languages is: https://en.wikipedia.org/wiki/Java_(programming_language)
Set at lacking is: https://en.wikipedia.org/wiki/Java_(programming_language)
Set at declaration is: https://en.wikipedia.org/wiki/Java_(programming_language)
Set at jdk is: https://en.wikipedia.org/wiki/Java_(programming_language)
Set at call is: https://en.wikipedia.org/wiki/Java_(programming_language)
Set at such is: https://en.wikipedia.org/wiki/Java_(programming_language)
Set at marketing is: https://en.wikipedia.org/wiki/Java_(programming_language)
Set at plugin is: https://en.wikipedia.org/wiki/Java_(programming_language)
Set at stringbuilder is: https://en.wikipedia.org/wiki/Java_(programming_language)
Set at japplet is: https://en.wikipedia.org/wiki/Java_(programming_language)
Set at supported is: https://en.wikipedia.org/wiki/Java_(programming_language)
Set at through is: https://en.wikipedia.org/wiki/Java_(programming_language)
Set at resulted is: https://en.wikipedia.org/wiki/Java_(programming_language)
Set at featured is: https://en.wikipedia.org/wiki/Java_(programming_language)
Set at becoming is: https://en.wikipedia.org/wiki/Java_(programming_language)
Set at microsystems is: https://en.wikipedia.org/wiki/Java_(programming_language)
Set at run is: https://en.wikipedia.org/wiki/Java_(programming_language)
Set at had is: https://en.wikipedia.org/wiki/Java_(programming_language)
Set at remains is: https://en.wikipedia.org/wiki/Java_(programming_language)
Set at source is: https://en.wikipedia.org/wiki/Java_(programming_language)
Set at enclosing is: https://en.wikipedia.org/wiki/Java_(programming_language)
Set at secure is: https://en.wikipedia.org/wiki/Java_(programming_language)
Set at microsoft is: https://en.wikipedia.org/wiki/Java_(programming_language)
Set at individuals is: https://en.wikipedia.org/wiki/Java_(programming_language)
Set at operator is: https://en.wikipedia.org/wiki/Java_(programming_language)
Set at lifecycle is: https://en.wikipedia.org/wiki/Java_(programming_language)
Set at features is: https://en.wikipedia.org/wiki/Java_(programming_language)
Set at either is: https://en.wikipedia.org/wiki/Java_(programming_language)
Set at compile is: https://en.wikipedia.org/wiki/Java_(programming_language)
Set at generics is: https://en.wikipedia.org/wiki/Java_(programming_language)
Set at has is: https://en.wikipedia.org/wiki/Java_(programming_language)
Set at keyword is: https://en.wikipedia.org/wiki/Java_(programming_language)
Set at starts is: https://en.wikipedia.org/wiki/Java_(programming_language)
Set at ecma is: https://en.wikipedia.org/wiki/Java_(programming_language)
Set at acquired is: https://en.wikipedia.org/wiki/Java_(programming_language)
Set at those is: https://en.wikipedia.org/wiki/Java_(programming_language)
Set at given is: https://en.wikipedia.org/wiki/Java_(programming_language)
Set at unreachable is: https://en.wikipedia.org/wiki/Java_(programming_language)
Set at insufficient is: https://en.wikipedia.org/wiki/Java_(programming_language)
Set at freed is: https://en.wikipedia.org/wiki/Java_(programming_language)
Set at technologies is: https://en.wikipedia.org/wiki/Java_(programming_language)
Set at longer is: https://en.wikipedia.org/wiki/Java_(programming_language)
Set at suited is: https://en.wikipedia.org/wiki/Java_(programming_language)
Set at converted is: https://en.wikipedia.org/wiki/Java_(programming_language)
Set at sued is: https://en.wikipedia.org/wiki/Java_(programming_language)
Set at district is: https://en.wikipedia.org/wiki/Java_(programming_language)
Set at name is: https://en.wikipedia.org/wiki/Java_(programming_language)
Set at selling is: https://en.wikipedia.org/wiki/Java_(programming_language)
Set at page is: https://en.wikipedia.org/wiki/Java_(programming_language)
Set at fields is: https://en.wikipedia.org/wiki/Java_(programming_language)
Set at parameters is: https://en.wikipedia.org/wiki/Java_(programming_language)
Set at full is: https://en.wikipedia.org/wiki/Java_(programming_language)
Set at next is: https://en.wikipedia.org/wiki/Java_(programming_language)
Set at memory is: https://en.wikipedia.org/wiki/Java_(programming_language)
Set at string is: https://en.wikipedia.org/wiki/Java_(programming_language)
Set at import is: https://en.wikipedia.org/wiki/Java_(programming_language)
Set at hidden is: https://en.wikipedia.org/wiki/Java_(programming_language)
Set at android is: https://en.wikipedia.org/wiki/Java_(programming_language)
Set at classes is: https://en.wikipedia.org/wiki/Java_(programming_language)
Set at aspects is: https://en.wikipedia.org/wiki/Java_(programming_language)
Set at description is: https://en.wikipedia.org/wiki/Java_(programming_language)
Set at edition is: https://en.wikipedia.org/wiki/Java_(programming_language)
Set at non is: https://en.wikipedia.org/wiki/Java_(programming_language)
Set at not is: https://en.wikipedia.org/wiki/Java_(programming_language)
Set at documenting is: https://en.wikipedia.org/wiki/Java_(programming_language)
Set at statement is: https://en.wikipedia.org/wiki/Java_(programming_language)
Set at trademark is: https://en.wikipedia.org/wiki/Java_(programming_language)
Set at supporting is: https://en.wikipedia.org/wiki/Java_(programming_language)
Set at analogous is: https://en.wikipedia.org/wiki/Java_(programming_language)
Set at early is: https://en.wikipedia.org/wiki/Java_(programming_language)
Set at ensures is: https://en.wikipedia.org/wiki/Java_(programming_language)
Set at convention is: https://en.wikipedia.org/wiki/Java_(programming_language)
Set at interfaces is: https://en.wikipedia.org/wiki/Java_(programming_language)
Set at infringed is: https://en.wikipedia.org/wiki/Java_(programming_language)
Set at green is: https://en.wikipedia.org/wiki/Java_(programming_language)
Set at was is: https://en.wikipedia.org/wiki/Java_(programming_language)
Set at libraries is: https://en.wikipedia.org/wiki/Java_(programming_language)
Set at derives is: https://en.wikipedia.org/wiki/Java_(programming_language)
Set at windows is: https://en.wikipedia.org/wiki/Java_(programming_language)
Set at generic is: https://en.wikipedia.org/wiki/Java_(programming_language)
Set at way is: https://en.wikipedia.org/wiki/Java_(programming_language)
Set at manage is: https://en.wikipedia.org/wiki/Java_(programming_language)
Set at refer is: https://en.wikipedia.org/wiki/Java_(programming_language)
Set at spared is: https://en.wikipedia.org/wiki/Java_(programming_language)
Set at initially is: https://en.wikipedia.org/wiki/Java_(programming_language)
Set at vulnerabilities is: https://en.wikipedia.org/wiki/Java_(programming_language)
Set at time is: https://en.wikipedia.org/wiki/Java_(programming_language)
Set at window is: https://en.wikipedia.org/wiki/Java_(programming_language)
Set at gtk+ is: https://en.wikipedia.org/wiki/Java_(programming_language)
Set at configurable is: https://en.wikipedia.org/wiki/Java_(programming_language)
Set at applications is: https://en.wikipedia.org/wiki/Java_(programming_language)
Set at awt is: https://en.wikipedia.org/wiki/Java_(programming_language)
Set at container is: https://en.wikipedia.org/wiki/Java_(programming_language)
Set at drawstring is: https://en.wikipedia.org/wiki/Java_(programming_language)
Set at developers is: https://en.wikipedia.org/wiki/Java_(programming_language)
Set at quickly is: https://en.wikipedia.org/wiki/Java_(programming_language)
Set at usage is: https://en.wikipedia.org/wiki/Java_(programming_language)
Set at deprecated is: https://en.wikipedia.org/wiki/Java_(programming_language)
Set at interactive is: https://en.wikipedia.org/wiki/Java_(programming_language)
Set at program is: https://en.wikipedia.org/wiki/Java_(programming_language)
Set at when is: https://en.wikipedia.org/wiki/Java_(programming_language)
Set at three is: https://en.wikipedia.org/wiki/Java_(programming_language)
Set at required is: https://en.wikipedia.org/wiki/Java_(programming_language)
Set at multi is: https://en.wikipedia.org/wiki/Java_(programming_language)
Set at jit is: https://en.wikipedia.org/wiki/Java_(programming_language)
Set at largely is: https://en.wikipedia.org/wiki/Java_(programming_language)
Set at specifically is: https://en.wikipedia.org/wiki/Java_(programming_language)
Set at participating is: https://en.wikipedia.org/wiki/Java_(programming_language)
Set at embed is: https://en.wikipedia.org/wiki/Java_(programming_language)
Set at case is: https://en.wikipedia.org/wiki/Java_(programming_language)
Set at hardware is: https://en.wikipedia.org/wiki/Java_(programming_language)
Set at generation is: https://en.wikipedia.org/wiki/Java_(programming_language)
Set at identifier is: https://en.wikipedia.org/wiki/Java_(programming_language)
Set at item is: https://en.wikipedia.org/wiki/Java_(programming_language)
Set at having is: https://en.wikipedia.org/wiki/Java_(programming_language)
Set at standalone is: https://en.wikipedia.org/wiki/Java_(programming_language)
Set at dates is: https://en.wikipedia.org/wiki/Java_(programming_language)
Set at dependencies is: https://en.wikipedia.org/wiki/Java_(programming_language)
Set at explicit is: https://en.wikipedia.org/wiki/Java_(programming_language)
Set at ships is: https://en.wikipedia.org/wiki/Java_(programming_language)
Set at provide is: https://en.wikipedia.org/wiki/Java_(programming_language)
Set at allocate is: https://en.wikipedia.org/wiki/Java_(programming_language)
Set at style is: https://en.wikipedia.org/wiki/Java_(programming_language)
Set at primary is: https://en.wikipedia.org/wiki/Java_(programming_language)
Set at requires is: https://en.wikipedia.org/wiki/Java_(programming_language)
Set at participation is: https://en.wikipedia.org/wiki/Java_(programming_language)
Set at explicitly is: https://en.wikipedia.org/wiki/Java_(programming_language)
Set at widget is: https://en.wikipedia.org/wiki/Java_(programming_language)
Set at enterprise is: https://en.wikipedia.org/wiki/Java_(programming_language)
Set at methods is: https://en.wikipedia.org/wiki/Java_(programming_language)
Set at portion is: https://en.wikipedia.org/wiki/Java_(programming_language)
Set at direct is: https://en.wikipedia.org/wiki/Java_(programming_language)
Set at pattern is: https://en.wikipedia.org/wiki/Java_(programming_language)
Set at smart is: https://en.wikipedia.org/wiki/Java_(programming_language)
Set at undefined is: https://en.wikipedia.org/wiki/Java_(programming_language)
Set at anti is: https://en.wikipedia.org/wiki/Java_(programming_language)
Set at 1998 is: https://en.wikipedia.org/wiki/Java_(programming_language)
Set at 1997 is: https://en.wikipedia.org/wiki/Java_(programming_language)
Set at leaks is: https://en.wikipedia.org/wiki/Java_(programming_language)
Set at computer is: https://en.wikipedia.org/wiki/Java_(programming_language)
Set at openjdk is: https://en.wikipedia.org/wiki/Java_(programming_language)
Set at 1995 is: https://en.wikipedia.org/wiki/Java_(programming_language)
Set at web is: https://en.wikipedia.org/wiki/Java_(programming_language)
Set at low is: https://en.wikipedia.org/wiki/Java_(programming_language)
Set at 1991 is: https://en.wikipedia.org/wiki/Java_(programming_language)
Set at merely is: https://en.wikipedia.org/wiki/Java_(programming_language)
Set at architecture is: https://en.wikipedia.org/wiki/Java_(programming_language)
Set at 1999 is: https://en.wikipedia.org/wiki/Java_(programming_language)
Set at enables is: https://en.wikipedia.org/wiki/Java_(programming_language)
Set at means is: https://en.wikipedia.org/wiki/Java_(programming_language)
Set at porting is: https://en.wikipedia.org/wiki/Java_(programming_language)
Set at efficient is: https://en.wikipedia.org/wiki/Java_(programming_language)
Set at more is: https://en.wikipedia.org/wiki/Java_(programming_language)
Set at display is: https://en.wikipedia.org/wiki/Java_(programming_language)
Set at consistent is: https://en.wikipedia.org/wiki/Java_(programming_language)
Set at ansi is: https://en.wikipedia.org/wiki/Java_(programming_language)
Set at naughton is: https://en.wikipedia.org/wiki/Java_(programming_language)
Set at january is: https://en.wikipedia.org/wiki/Java_(programming_language)
Set at organization is: https://en.wikipedia.org/wiki/Java_(programming_language)
Set at width is: https://en.wikipedia.org/wiki/Java_(programming_language)
Set at organized is: https://en.wikipedia.org/wiki/Java_(programming_language)
Set at momentarily is: https://en.wikipedia.org/wiki/Java_(programming_language)
Set at superseded is: https://en.wikipedia.org/wiki/Java_(programming_language)
Set at certain is: https://en.wikipedia.org/wiki/Java_(programming_language)
Set at small is: https://en.wikipedia.org/wiki/Java_(programming_language)
Set at instantiates is: https://en.wikipedia.org/wiki/Java_(programming_language)
Set at replace is: https://en.wikipedia.org/wiki/Java_(programming_language)
Set at section is: https://en.wikipedia.org/wiki/Java_(programming_language)
Set at simple is: https://en.wikipedia.org/wiki/Java_(programming_language)
Set at used is: https://en.wikipedia.org/wiki/Java_(programming_language)
Set at compilers is: https://en.wikipedia.org/wiki/Java_(programming_language)
Set at launched is: https://en.wikipedia.org/wiki/Java_(programming_language)
Set at influence is: https://en.wikipedia.org/wiki/Java_(programming_language)
Set at looks is: https://en.wikipedia.org/wiki/Java_(programming_language)
Set at major is: https://en.wikipedia.org/wiki/Java_(programming_language)
Set at few is: https://en.wikipedia.org/wiki/Java_(programming_language)
Set at exiting is: https://en.wikipedia.org/wiki/Java_(programming_language)
Set at potential is: https://en.wikipedia.org/wiki/Java_(programming_language)
Set at described is: https://en.wikipedia.org/wiki/Java_(programming_language)
Set at combination is: https://en.wikipedia.org/wiki/Java_(programming_language)
Set at marked is: https://en.wikipedia.org/wiki/Java_(programming_language)
Set at package is: https://en.wikipedia.org/wiki/Java_(programming_language)
Set at jni is: https://en.wikipedia.org/wiki/Java_(programming_language)
Set at created is: https://en.wikipedia.org/wiki/Java_(programming_language)
Set at tree is: https://en.wikipedia.org/wiki/Java_(programming_language)
Set at runtime is: https://en.wikipedia.org/wiki/Java_(programming_language)
Set at particular is: https://en.wikipedia.org/wiki/Java_(programming_language)
Set at opened is: https://en.wikipedia.org/wiki/Java_(programming_language)
Set at history is: https://en.wikipedia.org/wiki/Java_(programming_language)
Set at inner is: https://en.wikipedia.org/wiki/Java_(programming_language)
Set at exceptions is: https://en.wikipedia.org/wiki/Java_(programming_language)
Set at both is: https://en.wikipedia.org/wiki/Java_(programming_language)
Set at slashes is: https://en.wikipedia.org/wiki/Java_(programming_language)
Set at most is: https://en.wikipedia.org/wiki/Java_(programming_language)
Set at formal is: https://en.wikipedia.org/wiki/Java_(programming_language)
Set at overloading is: https://en.wikipedia.org/wiki/Java_(programming_language)
Set at outside is: https://en.wikipedia.org/wiki/Java_(programming_language)
Set at effect is: https://en.wikipedia.org/wiki/Java_(programming_language)
Set at creates is: https://en.wikipedia.org/wiki/Java_(programming_language)
Set at managing is: https://en.wikipedia.org/wiki/Java_(programming_language)
Set at launches is: https://en.wikipedia.org/wiki/Java_(programming_language)
Set at applet is: https://en.wikipedia.org/wiki/Java_(programming_language)
Set at option is: https://en.wikipedia.org/wiki/Java_(programming_language)
Set at launcher is: https://en.wikipedia.org/wiki/Java_(programming_language)
Set at request is: https://en.wikipedia.org/wiki/Java_(programming_language)
Set at game is: https://en.wikipedia.org/wiki/Java_(programming_language)
Set at mike is: https://en.wikipedia.org/wiki/Java_(programming_language)
Set at determines is: https://en.wikipedia.org/wiki/Java_(programming_language)
Set at values is: https://en.wikipedia.org/wiki/Java_(programming_language)
Set at part is: https://en.wikipedia.org/wiki/Java_(programming_language)
Set at their is: https://en.wikipedia.org/wiki/Java_(programming_language)
Set at alsup is: https://en.wikipedia.org/wiki/Java_(programming_language)
Set at jlabel is: https://en.wikipedia.org/wiki/Java_(programming_language)
Set at point is: https://en.wikipedia.org/wiki/Java_(programming_language)
Set at general is: https://en.wikipedia.org/wiki/Java_(programming_language)
Set at alone is: https://en.wikipedia.org/wiki/Java_(programming_language)
Set at along is: https://en.wikipedia.org/wiki/Java_(programming_language)
Set at parallel is: https://en.wikipedia.org/wiki/Java_(programming_language)
Set at browser is: https://en.wikipedia.org/wiki/Java_(programming_language)
Set at consoles is: https://en.wikipedia.org/wiki/Java_(programming_language)
Set at designed is: https://en.wikipedia.org/wiki/Java_(programming_language)
Set at introduction is: https://en.wikipedia.org/wiki/Java_(programming_language)
Set at applets is: https://en.wikipedia.org/wiki/Java_(programming_language)
Set at san is: https://en.wikipedia.org/wiki/Java_(programming_language)
Set at process is: https://en.wikipedia.org/wiki/Java_(programming_language)
Set at original is: https://en.wikipedia.org/wiki/Java_(programming_language)
Set at comply is: https://en.wikipedia.org/wiki/Java_(programming_language)
Set at built is: https://en.wikipedia.org/wiki/Java_(programming_language)
Set at alternative is: https://en.wikipedia.org/wiki/Java_(programming_language)
Set at also is: https://en.wikipedia.org/wiki/Java_(programming_language)
Set at contained is: https://en.wikipedia.org/wiki/Java_(programming_language)
Set at third is: https://en.wikipedia.org/wiki/Java_(programming_language)
Set at approached is: https://en.wikipedia.org/wiki/Java_(programming_language)
Set at uses is: https://en.wikipedia.org/wiki/Java_(programming_language)
Set at latter is: https://en.wikipedia.org/wiki/Java_(programming_language)
Set at front is: https://en.wikipedia.org/wiki/Java_(programming_language)
Set at user is: https://en.wikipedia.org/wiki/Java_(programming_language)
Set at simply is: https://en.wikipedia.org/wiki/Java_(programming_language)
Set at been is: https://en.wikipedia.org/wiki/Java_(programming_language)
Set at mostly is: https://en.wikipedia.org/wiki/Java_(programming_language)
Set at stack is: https://en.wikipedia.org/wiki/Java_(programming_language)
Set at servlet is: https://en.wikipedia.org/wiki/Java_(programming_language)
Set at mime is: https://en.wikipedia.org/wiki/Java_(programming_language)
Set at asterisk is: https://en.wikipedia.org/wiki/Java_(programming_language)
Set at executing is: https://en.wikipedia.org/wiki/Java_(programming_language)
Set at offer is: https://en.wikipedia.org/wiki/Java_(programming_language)
Set at bar is: https://en.wikipedia.org/wiki/Java_(programming_language)
Set at jre is: https://en.wikipedia.org/wiki/Java_(programming_language)
Set at addition is: https://en.wikipedia.org/wiki/Java_(programming_language)
Set at happen is: https://en.wikipedia.org/wiki/Java_(programming_language)
Set at preventing is: https://en.wikipedia.org/wiki/Java_(programming_language)
Set at pass is: https://en.wikipedia.org/wiki/Java_(programming_language)
Set at documentation is: https://en.wikipedia.org/wiki/Java_(programming_language)
Set at hierarchy is: https://en.wikipedia.org/wiki/Java_(programming_language)
Set at profile is: https://en.wikipedia.org/wiki/Java_(programming_language)
Set at scavenge is: https://en.wikipedia.org/wiki/Java_(programming_language)
Set at active is: https://en.wikipedia.org/wiki/Java_(programming_language)
Set at court is: https://en.wikipedia.org/wiki/Java_(programming_language)
Set at appends is: https://en.wikipedia.org/wiki/Java_(programming_language)
Set at an is: https://en.wikipedia.org/wiki/Java_(programming_language)
Set at easy is: https://en.wikipedia.org/wiki/Java_(programming_language)
Set at height= is: https://en.wikipedia.org/wiki/Java_(programming_language)
Set at as is: https://en.wikipedia.org/wiki/Java_(programming_language)
Set at at is: https://en.wikipedia.org/wiki/Java_(programming_language)
Set at hoff is: https://en.wikipedia.org/wiki/Java_(programming_language)
Set at intermediate is: https://en.wikipedia.org/wiki/Java_(programming_language)
Set at sdk is: https://en.wikipedia.org/wiki/Java_(programming_language)
Set at optimizations is: https://en.wikipedia.org/wiki/Java_(programming_language)
Set at setcontenttype is: https://en.wikipedia.org/wiki/Java_(programming_language)
Set at be is: https://en.wikipedia.org/wiki/Java_(programming_language)
Set at jsp is: https://en.wikipedia.org/wiki/Java_(programming_language)
Set at characteristic is: https://en.wikipedia.org/wiki/Java_(programming_language)
Set at javadoc is: https://en.wikipedia.org/wiki/Java_(programming_language)
Set at see is: https://en.wikipedia.org/wiki/Java_(programming_language)
Set at capability is: https://en.wikipedia.org/wiki/Java_(programming_language)
Set at responsibility is: https://en.wikipedia.org/wiki/Java_(programming_language)
Set at systems is: https://en.wikipedia.org/wiki/Java_(programming_language)
Set at by is: https://en.wikipedia.org/wiki/Java_(programming_language)
Set at unlike is: https://en.wikipedia.org/wiki/Java_(programming_language)
Set at jtc is: https://en.wikipedia.org/wiki/Java_(programming_language)
Set at whom is: https://en.wikipedia.org/wiki/Java_(programming_language)
Set at acquisition is: https://en.wikipedia.org/wiki/Java_(programming_language)
Set at override is: https://en.wikipedia.org/wiki/Java_(programming_language)
Set at licences is: https://en.wikipedia.org/wiki/Java_(programming_language)
Set at embedded is: https://en.wikipedia.org/wiki/Java_(programming_language)
Set at enabling is: https://en.wikipedia.org/wiki/Java_(programming_language)
Set at charge is: https://en.wikipedia.org/wiki/Java_(programming_language)
Set at contain is: https://en.wikipedia.org/wiki/Java_(programming_language)
Set at set is: https://en.wikipedia.org/wiki/Java_(programming_language)
Set at business is: https://en.wikipedia.org/wiki/Java_(programming_language)
Set at advent is: https://en.wikipedia.org/wiki/Java_(programming_language)
Set at alternate is: https://en.wikipedia.org/wiki/Java_(programming_language)
Set at possible is: https://en.wikipedia.org/wiki/Java_(programming_language)
Set at familiar is: https://en.wikipedia.org/wiki/Java_(programming_language)
Set at right is: https://en.wikipedia.org/wiki/Java_(programming_language)
Set at executable is: https://en.wikipedia.org/wiki/Java_(programming_language)
Set at appeals is: https://en.wikipedia.org/wiki/Java_(programming_language)
Set at june is: https://en.wikipedia.org/wiki/Java_(programming_language)
Set at withdrew is: https://en.wikipedia.org/wiki/Java_(programming_language)
Set at stage is: https://en.wikipedia.org/wiki/Java_(programming_language)
Set at calls is: https://en.wikipedia.org/wiki/Java_(programming_language)
Set at under is: https://en.wikipedia.org/wiki/Java_(programming_language)
Set at did is: https://en.wikipedia.org/wiki/Java_(programming_language)
Set at essential is: https://en.wikipedia.org/wiki/Java_(programming_language)
Set at de is: https://en.wikipedia.org/wiki/Java_(programming_language)
Set at added is: https://en.wikipedia.org/wiki/Java_(programming_language)
Set at javaserver is: https://en.wikipedia.org/wiki/Java_(programming_language)
Set at debugger is: https://en.wikipedia.org/wiki/Java_(programming_language)
Set at language is: https://en.wikipedia.org/wiki/Java_(programming_language)
Set at graphics is: https://en.wikipedia.org/wiki/Java_(programming_language)
Set at do is: https://en.wikipedia.org/wiki/Java_(programming_language)
Set at developed is: https://en.wikipedia.org/wiki/Java_(programming_language)
Set at hold is: https://en.wikipedia.org/wiki/Java_(programming_language)
Set at later is: https://en.wikipedia.org/wiki/Java_(programming_language)
Set at designated is: https://en.wikipedia.org/wiki/Java_(programming_language)
Set at javax is: https://en.wikipedia.org/wiki/Java_(programming_language)
Set at prior is: https://en.wikipedia.org/wiki/Java_(programming_language)
Set at won is: https://en.wikipedia.org/wiki/Java_(programming_language)
Set at legal is: https://en.wikipedia.org/wiki/Java_(programming_language)
Set at programming is: https://en.wikipedia.org/wiki/Java_(programming_language)
Set at jvm is: https://en.wikipedia.org/wiki/Java_(programming_language)
Set at which is: https://en.wikipedia.org/wiki/Java_(programming_language)
Set at ee is: https://en.wikipedia.org/wiki/Java_(programming_language)
Set at needs is: https://en.wikipedia.org/wiki/Java_(programming_language)
Set at us$20 is: https://en.wikipedia.org/wiki/Java_(programming_language)
Set at relicensed is: https://en.wikipedia.org/wiki/Java_(programming_language)
Set at static is: https://en.wikipedia.org/wiki/Java_(programming_language)
Set at commonly is: https://en.wikipedia.org/wiki/Java_(programming_language)
Set at typically is: https://en.wikipedia.org/wiki/Java_(programming_language)
Set at finally is: https://en.wikipedia.org/wiki/Java_(programming_language)
Set at 2001 is: https://en.wikipedia.org/wiki/Java_(programming_language)
Set at 2000 is: https://en.wikipedia.org/wiki/Java_(programming_language)
Set at garbage is: https://en.wikipedia.org/wiki/Java_(programming_language)
Set at g1 is: https://en.wikipedia.org/wiki/Java_(programming_language)
Set at publicly is: https://en.wikipedia.org/wiki/Java_(programming_language)
Set at browsers is: https://en.wikipedia.org/wiki/Java_(programming_language)
Set at unstable is: https://en.wikipedia.org/wiki/Java_(programming_language)
Set at never is: https://en.wikipedia.org/wiki/Java_(programming_language)
Set at parts is: https://en.wikipedia.org/wiki/Java_(programming_language)
Set at containers is: https://en.wikipedia.org/wiki/Java_(programming_language)
Set at commenting is: https://en.wikipedia.org/wiki/Java_(programming_language)
Set at party is: https://en.wikipedia.org/wiki/Java_(programming_language)
Set at frame is: https://en.wikipedia.org/wiki/Java_(programming_language)
Set at however is: https://en.wikipedia.org/wiki/Java_(programming_language)
Set at some is: https://en.wikipedia.org/wiki/Java_(programming_language)
Set at virtual is: https://en.wikipedia.org/wiki/Java_(programming_language)
Set at beginning is: https://en.wikipedia.org/wiki/Java_(programming_language)
Set at rather is: https://en.wikipedia.org/wiki/Java_(programming_language)
Set at optimized is: https://en.wikipedia.org/wiki/Java_(programming_language)
Set at for is: https://en.wikipedia.org/wiki/Java_(programming_language)
Set at 2012 is: https://en.wikipedia.org/wiki/Java_(programming_language)
Set at 2010 is: https://en.wikipedia.org/wiki/Java_(programming_language)
Set at title is: https://en.wikipedia.org/wiki/Java_(programming_language)
Set at collector is: https://en.wikipedia.org/wiki/Java_(programming_language)
Set at content is: https://en.wikipedia.org/wiki/Java_(programming_language)
Set at burden is: https://en.wikipedia.org/wiki/Java_(programming_language)
Set at states is: https://en.wikipedia.org/wiki/Java_(programming_language)
Set at 2009 is: https://en.wikipedia.org/wiki/Java_(programming_language)
Set at 2007 is: https://en.wikipedia.org/wiki/Java_(programming_language)
Set at desktop is: https://en.wikipedia.org/wiki/Java_(programming_language)
Set at 2006 is: https://en.wikipedia.org/wiki/Java_(programming_language)
Set at related is: https://en.wikipedia.org/wiki/Java_(programming_language)
Set at 2004 is: https://en.wikipedia.org/wiki/Java_(programming_language)
Set at oak is: https://en.wikipedia.org/wiki/Java_(programming_language)
Set at client is: https://en.wikipedia.org/wiki/Java_(programming_language)
Set at foss is: https://en.wikipedia.org/wiki/Java_(programming_language)
Set at passed is: https://en.wikipedia.org/wiki/Java_(programming_language)
Set at featuring is: https://en.wikipedia.org/wiki/Java_(programming_language)
Set at class is: https://en.wikipedia.org/wiki/Java_(programming_language)
Set at just is: https://en.wikipedia.org/wiki/Java_(programming_language)
Set at pixel is: https://en.wikipedia.org/wiki/Java_(programming_language)
Set at digital is: https://en.wikipedia.org/wiki/Java_(programming_language)
Set at owner is: https://en.wikipedia.org/wiki/Java_(programming_language)
Set at directed is: https://en.wikipedia.org/wiki/Java_(programming_language)
Set at jury is: https://en.wikipedia.org/wiki/Java_(programming_language)
Set at specification is: https://en.wikipedia.org/wiki/Java_(programming_language)
Set at strictly is: https://en.wikipedia.org/wiki/Java_(programming_language)
Set at existing is: https://en.wikipedia.org/wiki/Java_(programming_language)
Set at print is: https://en.wikipedia.org/wiki/Java_(programming_language)
Set at formalize is: https://en.wikipedia.org/wiki/Java_(programming_language)
Set at 2016 is: https://en.wikipedia.org/wiki/Java_(programming_language)
Set at although is: https://en.wikipedia.org/wiki/Java_(programming_language)
Set at relocate is: https://en.wikipedia.org/wiki/Java_(programming_language)
Set at form is: https://en.wikipedia.org/wiki/Java_(programming_language)
Set at 2015 is: https://en.wikipedia.org/wiki/Java_(programming_language)
Set at management is: https://en.wikipedia.org/wiki/Java_(programming_language)
Set at 2014 is: https://en.wikipedia.org/wiki/Java_(programming_language)
Set at servlets is: https://en.wikipedia.org/wiki/Java_(programming_language)
Set at significantly is: https://en.wikipedia.org/wiki/Java_(programming_language)
Set at comprehensive is: https://en.wikipedia.org/wiki/Java_(programming_language)
Set at subset is: https://en.wikipedia.org/wiki/Java_(programming_language)
Set at president is: https://en.wikipedia.org/wiki/Java_(programming_language)
Set at qualified is: https://en.wikipedia.org/wiki/Java_(programming_language)
Set at triggered is: https://en.wikipedia.org/wiki/Java_(programming_language)
Set at placed is: https://en.wikipedia.org/wiki/Java_(programming_language)
Set at advanced is: https://en.wikipedia.org/wiki/Java_(programming_language)
Set at deallocate is: https://en.wikipedia.org/wiki/Java_(programming_language)
Set at j2 is: https://en.wikipedia.org/wiki/Java_(programming_language)
Set at dropped is: https://en.wikipedia.org/wiki/Java_(programming_language)
Set at soon is: https://en.wikipedia.org/wiki/Java_(programming_language)
Set at improved is: https://en.wikipedia.org/wiki/Java_(programming_language)
Set at tablet is: https://en.wikipedia.org/wiki/Java_(programming_language)
Set at corner is: https://en.wikipedia.org/wiki/Java_(programming_language)
Set at william is: https://en.wikipedia.org/wiki/Java_(programming_language)
Set at four is: https://en.wikipedia.org/wiki/Java_(programming_language)
Set at context is: https://en.wikipedia.org/wiki/Java_(programming_language)
Set at model is: https://en.wikipedia.org/wiki/Java_(programming_language)
Set at assertions is: https://en.wikipedia.org/wiki/Java_(programming_language)
Set at usually is: https://en.wikipedia.org/wiki/Java_(programming_language)
Set at text is: https://en.wikipedia.org/wiki/Java_(programming_language)
Set at whereas is: https://en.wikipedia.org/wiki/Java_(programming_language)
Set at if is: https://en.wikipedia.org/wiki/Java_(programming_language)
Set at validation is: https://en.wikipedia.org/wiki/Java_(programming_language)
Set at likely is: https://en.wikipedia.org/wiki/Java_(programming_language)
Set at large is: https://en.wikipedia.org/wiki/Java_(programming_language)
Set at in is: https://en.wikipedia.org/wiki/Java_(programming_language)
Set at made is: https://en.wikipedia.org/wiki/Java_(programming_language)
Set at io is: https://en.wikipedia.org/wiki/Java_(programming_language)
Set at is is: https://en.wikipedia.org/wiki/Java_(programming_language)
Set at stall is: https://en.wikipedia.org/wiki/Java_(programming_language)
Set at it is: https://en.wikipedia.org/wiki/Java_(programming_language)
Set at being is: https://en.wikipedia.org/wiki/Java_(programming_language)
Set at loading is: https://en.wikipedia.org/wiki/Java_(programming_language)
Set at distributions is: https://en.wikipedia.org/wiki/Java_(programming_language)
Set at traditional is: https://en.wikipedia.org/wiki/Java_(programming_language)
Set at operate is: https://en.wikipedia.org/wiki/Java_(programming_language)
Set at field is: https://en.wikipedia.org/wiki/Java_(programming_language)
Set at contents is: https://en.wikipedia.org/wiki/Java_(programming_language)
Set at exclusively is: https://en.wikipedia.org/wiki/Java_(programming_language)
Set at hello is: https://en.wikipedia.org/wiki/Java_(programming_language)
Set at jsps is: https://en.wikipedia.org/wiki/Java_(programming_language)
Set at status is: https://en.wikipedia.org/wiki/Java_(programming_language)
Set at become is: https://en.wikipedia.org/wiki/Java_(programming_language)
Set at server is: https://en.wikipedia.org/wiki/Java_(programming_language)
Set at recovering is: https://en.wikipedia.org/wiki/Java_(programming_language)
Set at works is: https://en.wikipedia.org/wiki/Java_(programming_language)
Set at clients is: https://en.wikipedia.org/wiki/Java_(programming_language)
Set at enforcing is: https://en.wikipedia.org/wiki/Java_(programming_language)
Set at operates is: https://en.wikipedia.org/wiki/Java_(programming_language)
Set at appending is: https://en.wikipedia.org/wiki/Java_(programming_language)
Set at mac is: https://en.wikipedia.org/wiki/Java_(programming_language)
Set at products is: https://en.wikipedia.org/wiki/Java_(programming_language)
Set at settlement is: https://en.wikipedia.org/wiki/Java_(programming_language)
Set at file is: https://en.wikipedia.org/wiki/Java_(programming_language)
Set at world is: https://en.wikipedia.org/wiki/Java_(programming_language)
Set at library is: https://en.wikipedia.org/wiki/Java_(programming_language)
Set at known is: https://en.wikipedia.org/wiki/Java_(programming_language)
Set at stream is: https://en.wikipedia.org/wiki/Java_(programming_language)
Set at december is: https://en.wikipedia.org/wiki/Java_(programming_language)
Set at ability is: https://en.wikipedia.org/wiki/Java_(programming_language)
Set at everything is: https://en.wikipedia.org/wiki/Java_(programming_language)
Set at stand is: https://en.wikipedia.org/wiki/Java_(programming_language)
Set at implementations is: https://en.wikipedia.org/wiki/Java_(programming_language)
Set at side is: https://en.wikipedia.org/wiki/Java_(programming_language)
Set at may is: https://en.wikipedia.org/wiki/Java_(programming_language)
Set at within is: https://en.wikipedia.org/wiki/Java_(programming_language)
Set at supplied is: https://en.wikipedia.org/wiki/Java_(programming_language)
Set at forward is: https://en.wikipedia.org/wiki/Java_(programming_language)
Set at could is: https://en.wikipedia.org/wiki/Java_(programming_language)
Set at lacks is: https://en.wikipedia.org/wiki/Java_(programming_language)
Set at overrides is: https://en.wikipedia.org/wiki/Java_(programming_language)
Set at draw is: https://en.wikipedia.org/wiki/Java_(programming_language)
Set at off is: https://en.wikipedia.org/wiki/Java_(programming_language)
Set at machine is: https://en.wikipedia.org/wiki/Java_(programming_language)
Set at facilities is: https://en.wikipedia.org/wiki/Java_(programming_language)
Set at conscious is: https://en.wikipedia.org/wiki/Java_(programming_language)
Set at return is: https://en.wikipedia.org/wiki/Java_(programming_language)
Set at instance is: https://en.wikipedia.org/wiki/Java_(programming_language)
Set at use is: https://en.wikipedia.org/wiki/Java_(programming_language)
Set at subject is: https://en.wikipedia.org/wiki/Java_(programming_language)
Set at certify is: https://en.wikipedia.org/wiki/Java_(programming_language)
Set at several is: https://en.wikipedia.org/wiki/Java_(programming_language)
Set at inheritance is: https://en.wikipedia.org/wiki/Java_(programming_language)
Set at feel is: https://en.wikipedia.org/wiki/Java_(programming_language)
Set at networking is: https://en.wikipedia.org/wiki/Java_(programming_language)
Set at main is: https://en.wikipedia.org/wiki/Java_(programming_language)
Set at office is: https://en.wikipedia.org/wiki/Java_(programming_language)
Set at integer is: https://en.wikipedia.org/wiki/Java_(programming_language)
Set at while is: https://en.wikipedia.org/wiki/Java_(programming_language)
Set at supercomputers is: https://en.wikipedia.org/wiki/Java_(programming_language)
Set at suffix is: https://en.wikipedia.org/wiki/Java_(programming_language)
Set at that is: https://en.wikipedia.org/wiki/Java_(programming_language)
Set at copyrighted is: https://en.wikipedia.org/wiki/Java_(programming_language)
Set at revenue is: https://en.wikipedia.org/wiki/Java_(programming_language)
Set at find is: https://en.wikipedia.org/wiki/Java_(programming_language)
Set at than is: https://en.wikipedia.org/wiki/Java_(programming_language)
Set at sufficient is: https://en.wikipedia.org/wiki/Java_(programming_language)
Set at me is: https://en.wikipedia.org/wiki/Java_(programming_language)
Set at host is: https://en.wikipedia.org/wiki/Java_(programming_language)
Set at relentless is: https://en.wikipedia.org/wiki/Java_(programming_language)
Set at criticisms is: https://en.wikipedia.org/wiki/Java_(programming_language)
Set at different is: https://en.wikipedia.org/wiki/Java_(programming_language)
Set at international is: https://en.wikipedia.org/wiki/Java_(programming_language)
Set at directly is: https://en.wikipedia.org/wiki/Java_(programming_language)
Set at regardless is: https://en.wikipedia.org/wiki/Java_(programming_language)
Set at selected is: https://en.wikipedia.org/wiki/Java_(programming_language)
Set at semantically is: https://en.wikipedia.org/wiki/Java_(programming_language)
Set at ideal is: https://en.wikipedia.org/wiki/Java_(programming_language)
Set at level is: https://en.wikipedia.org/wiki/Java_(programming_language)
Set at accepts is: https://en.wikipedia.org/wiki/Java_(programming_language)
Set at occur is: https://en.wikipedia.org/wiki/Java_(programming_language)
Set at restrictions is: https://en.wikipedia.org/wiki/Java_(programming_language)
Set at thrown is: https://en.wikipedia.org/wiki/Java_(programming_language)
Set at difficult is: https://en.wikipedia.org/wiki/Java_(programming_language)
Set at includes is: https://en.wikipedia.org/wiki/Java_(programming_language)
Set at ideas is: https://en.wikipedia.org/wiki/Java_(programming_language)
Set at throws is: https://en.wikipedia.org/wiki/Java_(programming_language)
Set at becomes is: https://en.wikipedia.org/wiki/Java_(programming_language)
Set at chosen is: https://en.wikipedia.org/wiki/Java_(programming_language)
Set at relevant is: https://en.wikipedia.org/wiki/Java_(programming_language)
Set at license is: https://en.wikipedia.org/wiki/Java_(programming_language)
Set at collectors is: https://en.wikipedia.org/wiki/Java_(programming_language)
Set at null is: https://en.wikipedia.org/wiki/Java_(programming_language)
Set at true is: https://en.wikipedia.org/wiki/Java_(programming_language)
Set at oriented is: https://en.wikipedia.org/wiki/Java_(programming_language)
Set at helloworldapp is: https://en.wikipedia.org/wiki/Java_(programming_language)
Set at errors is: https://en.wikipedia.org/wiki/Java_(programming_language)
Set at since is: https://en.wikipedia.org/wiki/Java_(programming_language)
Set at no is: https://en.wikipedia.org/wiki/Java_(programming_language)
Set at behind is: https://en.wikipedia.org/wiki/Java_(programming_language)
Set at code is: https://en.wikipedia.org/wiki/Java_(programming_language)
Set at belong is: https://en.wikipedia.org/wiki/Java_(programming_language)
Set at sheridan is: https://en.wikipedia.org/wiki/Java_(programming_language)
Set at pairings is: https://en.wikipedia.org/wiki/Java_(programming_language)
Set at println is: https://en.wikipedia.org/wiki/Java_(programming_language)
Set at evangelist is: https://en.wikipedia.org/wiki/Java_(programming_language)
Set at setdefaultcloseoperation is: https://en.wikipedia.org/wiki/Java_(programming_language)
Set at of is: https://en.wikipedia.org/wiki/Java_(programming_language)
Set at heap is: https://en.wikipedia.org/wiki/Java_(programming_language)
Set at included is: https://en.wikipedia.org/wiki/Java_(programming_language)
Set at make is: https://en.wikipedia.org/wiki/Java_(programming_language)
Set at on is: https://en.wikipedia.org/wiki/Java_(programming_language)
Set at allocated is: https://en.wikipedia.org/wiki/Java_(programming_language)
Set at unofficial is: https://en.wikipedia.org/wiki/Java_(programming_language)
Set at allows is: https://en.wikipedia.org/wiki/Java_(programming_language)
Set at execution is: https://en.wikipedia.org/wiki/Java_(programming_language)
Set at designers is: https://en.wikipedia.org/wiki/Java_(programming_language)
Set at opposed is: https://en.wikipedia.org/wiki/Java_(programming_language)
Set at or is: https://en.wikipedia.org/wiki/Java_(programming_language)
Set at os is: https://en.wikipedia.org/wiki/Java_(programming_language)
Set at control is: https://en.wikipedia.org/wiki/Java_(programming_language)
Set at thread is: https://en.wikipedia.org/wiki/Java_(programming_language)
Set at segmented is: https://en.wikipedia.org/wiki/Java_(programming_language)
Set at editions is: https://en.wikipedia.org/wiki/Java_(programming_language)
Set at writer is: https://en.wikipedia.org/wiki/Java_(programming_language)
Set at handler is: https://en.wikipedia.org/wiki/Java_(programming_language)
Set at interpreting is: https://en.wikipedia.org/wiki/Java_(programming_language)
Set at upper is: https://en.wikipedia.org/wiki/Java_(programming_language)
Set at dalvik is: https://en.wikipedia.org/wiki/Java_(programming_language)
Set at stood is: https://en.wikipedia.org/wiki/Java_(programming_language)
Set at promised is: https://en.wikipedia.org/wiki/Java_(programming_language)
Set at crash is: https://en.wikipedia.org/wiki/Java_(programming_language)
Set at accessing is: https://en.wikipedia.org/wiki/Java_(programming_language)
Set at meaning is: https://en.wikipedia.org/wiki/Java_(programming_language)
Set at <applet> is: https://en.wikipedia.org/wiki/Java_(programming_language)
Set at drawing is: https://en.wikipedia.org/wiki/Java_(programming_language)
Set at programmers is: https://en.wikipedia.org/wiki/Java_(programming_language)
Set at brand is: https://en.wikipedia.org/wiki/Java_(programming_language)
Set at released is: https://en.wikipedia.org/wiki/Java_(programming_language)
Set at they is: https://en.wikipedia.org/wiki/Java_(programming_language)
Set at 10 is: https://en.wikipedia.org/wiki/Java_(programming_language)
Set at goals is: https://en.wikipedia.org/wiki/Java_(programming_language)
Set at height is: https://en.wikipedia.org/wiki/Java_(programming_language)
Set at based is: https://en.wikipedia.org/wiki/Java_(programming_language)
Set at 13 is: https://en.wikipedia.org/wiki/Java_(programming_language)
Set at pointer is: https://en.wikipedia.org/wiki/Java_(programming_language)
Set at 14 is: https://en.wikipedia.org/wiki/Java_(programming_language)
Set at 15 is: https://en.wikipedia.org/wiki/Java_(programming_language)
Set at 16 is: https://en.wikipedia.org/wiki/Java_(programming_language)
Set at 17 is: https://en.wikipedia.org/wiki/Java_(programming_language)
Set at 18 is: https://en.wikipedia.org/wiki/Java_(programming_language)
Set at 19 is: https://en.wikipedia.org/wiki/Java_(programming_language)
Set at them is: https://en.wikipedia.org/wiki/Java_(programming_language)
Set at portable is: https://en.wikipedia.org/wiki/Java_(programming_language)
Set at then is: https://en.wikipedia.org/wiki/Java_(programming_language)
Set at something is: https://en.wikipedia.org/wiki/Java_(programming_language)
Set at accept is: https://en.wikipedia.org/wiki/Java_(programming_language)
Set at appletcontext is: https://en.wikipedia.org/wiki/Java_(programming_language)
Set at re is: https://en.wikipedia.org/wiki/Java_(programming_language)
Set at pillar is: https://en.wikipedia.org/wiki/Java_(programming_language)
Set at invoked is: https://en.wikipedia.org/wiki/Java_(programming_language)
Set at programs is: https://en.wikipedia.org/wiki/Java_(programming_language)
Set at interpreted is: https://en.wikipedia.org/wiki/Java_(programming_language)
Set at starting is: https://en.wikipedia.org/wiki/Java_(programming_language)
Set at 20 is: https://en.wikipedia.org/wiki/Java_(programming_language)
Set at 21 is: https://en.wikipedia.org/wiki/Java_(programming_language)
Set at 22 is: https://en.wikipedia.org/wiki/Java_(programming_language)
Set at 23 is: https://en.wikipedia.org/wiki/Java_(programming_language)
Set at checking is: https://en.wikipedia.org/wiki/Java_(programming_language)
Set at 24 is: https://en.wikipedia.org/wiki/Java_(programming_language)
Set at components is: https://en.wikipedia.org/wiki/Java_(programming_language)
Set at access is: https://en.wikipedia.org/wiki/Java_(programming_language)
Set at 25 is: https://en.wikipedia.org/wiki/Java_(programming_language)
Set at 26 is: https://en.wikipedia.org/wiki/Java_(programming_language)
Set at primitive is: https://en.wikipedia.org/wiki/Java_(programming_language)
Set at 27 is: https://en.wikipedia.org/wiki/Java_(programming_language)
Set at 28 is: https://en.wikipedia.org/wiki/Java_(programming_language)
Set at 29 is: https://en.wikipedia.org/wiki/Java_(programming_language)
Set at industry is: https://en.wikipedia.org/wiki/Java_(programming_language)
Set at executed is: https://en.wikipedia.org/wiki/Java_(programming_language)
Set at sun is: https://en.wikipedia.org/wiki/Java_(programming_language)
Set at long is: https://en.wikipedia.org/wiki/Java_(programming_language)
Set at into is: https://en.wikipedia.org/wiki/Java_(programming_language)
Set at se is: https://en.wikipedia.org/wiki/Java_(programming_language)
Set at current is: https://en.wikipedia.org/wiki/Java_(programming_language)
Set at managed is: https://en.wikipedia.org/wiki/Java_(programming_language)
Set at supports is: https://en.wikipedia.org/wiki/Java_(programming_language)
Set at operating is: https://en.wikipedia.org/wiki/Java_(programming_language)
Set at free is: https://en.wikipedia.org/wiki/Java_(programming_language)
Set at so is: https://en.wikipedia.org/wiki/Java_(programming_language)
Set at 30 is: https://en.wikipedia.org/wiki/Java_(programming_language)
Set at 31 is: https://en.wikipedia.org/wiki/Java_(programming_language)
Set at preferred is: https://en.wikipedia.org/wiki/Java_(programming_language)
Set at key is: https://en.wikipedia.org/wiki/Java_(programming_language)
Set at 32 is: https://en.wikipedia.org/wiki/Java_(programming_language)
Set at 33 is: https://en.wikipedia.org/wiki/Java_(programming_language)
Set at 34 is: https://en.wikipedia.org/wiki/Java_(programming_language)
Set at 35 is: https://en.wikipedia.org/wiki/Java_(programming_language)
Set at variables is: https://en.wikipedia.org/wiki/Java_(programming_language)
Set at 36 is: https://en.wikipedia.org/wiki/Java_(programming_language)
Set at 37 is: https://en.wikipedia.org/wiki/Java_(programming_language)
Set at decision is: https://en.wikipedia.org/wiki/Java_(programming_language)
Set at though is: https://en.wikipedia.org/wiki/Java_(programming_language)
Set at 38 is: https://en.wikipedia.org/wiki/Java_(programming_language)
Set at 39 is: https://en.wikipedia.org/wiki/Java_(programming_language)
Set at one is: https://en.wikipedia.org/wiki/Java_(programming_language)
Set at makes is: https://en.wikipedia.org/wiki/Java_(programming_language)
Set at started is: https://en.wikipedia.org/wiki/Java_(programming_language)
Set at denotes is: https://en.wikipedia.org/wiki/Java_(programming_language)
Set at launch is: https://en.wikipedia.org/wiki/Java_(programming_language)
Set at many is: https://en.wikipedia.org/wiki/Java_(programming_language)
Set at ideally is: https://en.wikipedia.org/wiki/Java_(programming_language)
Set at controlled is: https://en.wikipedia.org/wiki/Java_(programming_language)
Set at single is: https://en.wikipedia.org/wiki/Java_(programming_language)
Set at actually is: https://en.wikipedia.org/wiki/Java_(programming_language)
Set at face is: https://en.wikipedia.org/wiki/Java_(programming_language)
Set at getwriter is: https://en.wikipedia.org/wiki/Java_(programming_language)
Set at associated is: https://en.wikipedia.org/wiki/Java_(programming_language)
Set at holds is: https://en.wikipedia.org/wiki/Java_(programming_language)
Set at closed is: https://en.wikipedia.org/wiki/Java_(programming_language)
Set at to is: https://en.wikipedia.org/wiki/Java_(programming_language)
Set at 40 is: https://en.wikipedia.org/wiki/Java_(programming_language)
Set at 41 is: https://en.wikipedia.org/wiki/Java_(programming_language)
Set at operation is: https://en.wikipedia.org/wiki/Java_(programming_language)
Set at open is: https://en.wikipedia.org/wiki/Java_(programming_language)
Set at partially is: https://en.wikipedia.org/wiki/Java_(programming_language)
Set at 42 is: https://en.wikipedia.org/wiki/Java_(programming_language)
Set at reimplementation is: https://en.wikipedia.org/wiki/Java_(programming_language)
Set at 43 is: https://en.wikipedia.org/wiki/Java_(programming_language)
Set at but is: https://en.wikipedia.org/wiki/Java_(programming_language)
Set at 44 is: https://en.wikipedia.org/wiki/Java_(programming_language)
Set at 45 is: https://en.wikipedia.org/wiki/Java_(programming_language)
Set at commercial is: https://en.wikipedia.org/wiki/Java_(programming_language)
Set at 46 is: https://en.wikipedia.org/wiki/Java_(programming_language)
Set at 47 is: https://en.wikipedia.org/wiki/Java_(programming_language)
Set at declare is: https://en.wikipedia.org/wiki/Java_(programming_language)
Set at 48 is: https://en.wikipedia.org/wiki/Java_(programming_language)
Set at separate is: https://en.wikipedia.org/wiki/Java_(programming_language)
Set at 49 is: https://en.wikipedia.org/wiki/Java_(programming_language)
Set at available is: https://en.wikipedia.org/wiki/Java_(programming_language)
Set at numbers is: https://en.wikipedia.org/wiki/Java_(programming_language)
Set at project is: https://en.wikipedia.org/wiki/Java_(programming_language)
Set at reputation is: https://en.wikipedia.org/wiki/Java_(programming_language)
Set at inside is: https://en.wikipedia.org/wiki/Java_(programming_language)
Set at aqua is: https://en.wikipedia.org/wiki/Java_(programming_language)
Set at whenever is: https://en.wikipedia.org/wiki/Java_(programming_language)
Set at apache is: https://en.wikipedia.org/wiki/Java_(programming_language)
Set at ruled is: https://en.wikipedia.org/wiki/Java_(programming_language)
Set at aids is: https://en.wikipedia.org/wiki/Java_(programming_language)
Set at written is: https://en.wikipedia.org/wiki/Java_(programming_language)
Set at 50 is: https://en.wikipedia.org/wiki/Java_(programming_language)
Set at 51 is: https://en.wikipedia.org/wiki/Java_(programming_language)
Set at five is: https://en.wikipedia.org/wiki/Java_(programming_language)
Set at generate is: https://en.wikipedia.org/wiki/Java_(programming_language)
Set at 52 is: https://en.wikipedia.org/wiki/Java_(programming_language)
Set at 53 is: https://en.wikipedia.org/wiki/Java_(programming_language)
Set at 54 is: https://en.wikipedia.org/wiki/Java_(programming_language)
Set at 55 is: https://en.wikipedia.org/wiki/Java_(programming_language)
Set at treated is: https://en.wikipedia.org/wiki/Java_(programming_language)
Set at dispatching is: https://en.wikipedia.org/wiki/Java_(programming_language)
Set at 56 is: https://en.wikipedia.org/wiki/Java_(programming_language)
Set at oracle is: https://en.wikipedia.org/wiki/Java_(programming_language)
Set at this is: https://en.wikipedia.org/wiki/Java_(programming_language)
Set at constructor is: https://en.wikipedia.org/wiki/Java_(programming_language)
Set at collection is: https://en.wikipedia.org/wiki/Java_(programming_language)
Set at look is: https://en.wikipedia.org/wiki/Java_(programming_language)
Set at extends is: https://en.wikipedia.org/wiki/Java_(programming_language)
Set at once is: https://en.wikipedia.org/wiki/Java_(programming_language)
Set at vm is: https://en.wikipedia.org/wiki/Java_(programming_language)
Set at pluggable is: https://en.wikipedia.org/wiki/Java_(programming_language)
Set at 60 is: https://en.wikipedia.org/wiki/Java_(programming_language)
Set at support is: https://en.wikipedia.org/wiki/Java_(programming_language)
Set at insists is: https://en.wikipedia.org/wiki/Java_(programming_language)
Set at subclasses is: https://en.wikipedia.org/wiki/Java_(programming_language)
Set at 65 is: https://en.wikipedia.org/wiki/Java_(programming_language)
Set at implements is: https://en.wikipedia.org/wiki/Java_(programming_language)
Set at allow is: https://en.wikipedia.org/wiki/Java_(programming_language)
Set at installed is: https://en.wikipedia.org/wiki/Java_(programming_language)
Set at jazelle is: https://en.wikipedia.org/wiki/Java_(programming_language)
Set at reasons is: https://en.wikipedia.org/wiki/Java_(programming_language)
[...]
Set at referring is: https://en.wikipedia.org/wiki/Programming_language
Set at current is: https://en.wikipedia.org/wiki/Programming_language
Set at operating is: https://en.wikipedia.org/wiki/Programming_language
Set at so is: https://en.wikipedia.org/wiki/Programming_language
Set at free is: https://en.wikipedia.org/wiki/Programming_language
Set at 30 is: https://en.wikipedia.org/wiki/Programming_language
Set at 31 is: https://en.wikipedia.org/wiki/Programming_language
Set at 32 is: https://en.wikipedia.org/wiki/Programming_language
Set at 33 is: https://en.wikipedia.org/wiki/Programming_language
Set at issuing is: https://en.wikipedia.org/wiki/Programming_language
Set at 34 is: https://en.wikipedia.org/wiki/Programming_language
Set at 35 is: https://en.wikipedia.org/wiki/Programming_language
Set at 36 is: https://en.wikipedia.org/wiki/Programming_language
Set at expression is: https://en.wikipedia.org/wiki/Programming_language
Set at bother is: https://en.wikipedia.org/wiki/Programming_language
Set at 39 is: https://en.wikipedia.org/wiki/Programming_language
Set at one is: https://en.wikipedia.org/wiki/Programming_language
Set at many is: https://en.wikipedia.org/wiki/Programming_language
Set at people is: https://en.wikipedia.org/wiki/Programming_language
Set at transportation is: https://en.wikipedia.org/wiki/Programming_language
Set at single is: https://en.wikipedia.org/wiki/Programming_language
Set at actually is: https://en.wikipedia.org/wiki/Programming_language
Set at appear is: https://en.wikipedia.org/wiki/Programming_language
Set at texts is: https://en.wikipedia.org/wiki/Programming_language
Set at ibm is: https://en.wikipedia.org/wiki/Programming_language
Set at handled is: https://en.wikipedia.org/wiki/Programming_language
Set at associated is: https://en.wikipedia.org/wiki/Programming_language
Set at closed is: https://en.wikipedia.org/wiki/Programming_language
Set at to is: https://en.wikipedia.org/wiki/Programming_language
Set at vast is: https://en.wikipedia.org/wiki/Programming_language
Set at fourth is: https://en.wikipedia.org/wiki/Programming_language
Set at 40 is: https://en.wikipedia.org/wiki/Programming_language
Set at 41 is: https://en.wikipedia.org/wiki/Programming_language
Set at operation is: https://en.wikipedia.org/wiki/Programming_language
Set at 42 is: https://en.wikipedia.org/wiki/Programming_language
Set at open is: https://en.wikipedia.org/wiki/Programming_language
Set at 43 is: https://en.wikipedia.org/wiki/Programming_language
Set at but is: https://en.wikipedia.org/wiki/Programming_language
Set at 44 is: https://en.wikipedia.org/wiki/Programming_language
Set at 45 is: https://en.wikipedia.org/wiki/Programming_language
Set at commercial is: https://en.wikipedia.org/wiki/Programming_language
Set at 46 is: https://en.wikipedia.org/wiki/Programming_language
Set at treat is: https://en.wikipedia.org/wiki/Programming_language
Set at 47 is: https://en.wikipedia.org/wiki/Programming_language
Set at separate is: https://en.wikipedia.org/wiki/Programming_language
Set at 48 is: https://en.wikipedia.org/wiki/Programming_language
Set at 49 is: https://en.wikipedia.org/wiki/Programming_language
Set at available is: https://en.wikipedia.org/wiki/Programming_language
Set at rapid is: https://en.wikipedia.org/wiki/Programming_language
Set at numbers is: https://en.wikipedia.org/wiki/Programming_language
Set at expressing is: https://en.wikipedia.org/wiki/Programming_language
Set at express is: https://en.wikipedia.org/wiki/Programming_language
Set at rules is: https://en.wikipedia.org/wiki/Programming_language
Set at contexts is: https://en.wikipedia.org/wiki/Programming_language
Set at mainly is: https://en.wikipedia.org/wiki/Programming_language
Set at regularly is: https://en.wikipedia.org/wiki/Programming_language
Set at modularity is: https://en.wikipedia.org/wiki/Programming_language
Set at dynamic is: https://en.wikipedia.org/wiki/Programming_language
Set at details is: https://en.wikipedia.org/wiki/Programming_language
Set at military is: https://en.wikipedia.org/wiki/Programming_language
Set at written is: https://en.wikipedia.org/wiki/Programming_language
Set at 50 is: https://en.wikipedia.org/wiki/Programming_language
Set at up is: https://en.wikipedia.org/wiki/Programming_language
Set at disuse is: https://en.wikipedia.org/wiki/Programming_language
Set at 51 is: https://en.wikipedia.org/wiki/Programming_language
Set at unusual is: https://en.wikipedia.org/wiki/Programming_language
Set at 52 is: https://en.wikipedia.org/wiki/Programming_language
Set at us is: https://en.wikipedia.org/wiki/Programming_language
Set at 53 is: https://en.wikipedia.org/wiki/Programming_language
Set at commands is: https://en.wikipedia.org/wiki/Programming_language
Set at 54 is: https://en.wikipedia.org/wiki/Programming_language
Set at 55 is: https://en.wikipedia.org/wiki/Programming_language
Set at treated is: https://en.wikipedia.org/wiki/Programming_language
Set at 56 is: https://en.wikipedia.org/wiki/Programming_language
Set at 57 is: https://en.wikipedia.org/wiki/Programming_language
Set at oracle is: https://en.wikipedia.org/wiki/Programming_language
Set at this is: https://en.wikipedia.org/wiki/Programming_language
Set at aimaco is: https://en.wikipedia.org/wiki/Programming_language
Set at degree is: https://en.wikipedia.org/wiki/Programming_language
Set at collection is: https://en.wikipedia.org/wiki/Programming_language
Set at modules is: https://en.wikipedia.org/wiki/Programming_language
Set at especially is: https://en.wikipedia.org/wiki/Programming_language
Set at laboratory is: https://en.wikipedia.org/wiki/Programming_language
Set at once is: https://en.wikipedia.org/wiki/Programming_language
Set at transformations is: https://en.wikipedia.org/wiki/Programming_language
Set at solve is: https://en.wikipedia.org/wiki/Programming_language
Set at 61 is: https://en.wikipedia.org/wiki/Programming_language
Set at 62 is: https://en.wikipedia.org/wiki/Programming_language
Set at support is: https://en.wikipedia.org/wiki/Programming_language
Set at 63 is: https://en.wikipedia.org/wiki/Programming_language
Set at internet is: https://en.wikipedia.org/wiki/Programming_language
Set at 64 is: https://en.wikipedia.org/wiki/Programming_language
Set at higher is: https://en.wikipedia.org/wiki/Programming_language
Set at 65 is: https://en.wikipedia.org/wiki/Programming_language
Set at allow is: https://en.wikipedia.org/wiki/Programming_language
Set at 66 is: https://en.wikipedia.org/wiki/Programming_language
Set at needed is: https://en.wikipedia.org/wiki/Programming_language
Set at sgml is: https://en.wikipedia.org/wiki/Programming_language
Set at idea is: https://en.wikipedia.org/wiki/Programming_language
Set at vehicles is: https://en.wikipedia.org/wiki/Programming_language
Set at expects is: https://en.wikipedia.org/wiki/Programming_language
Set at fundamentally is: https://en.wikipedia.org/wiki/Programming_language
Set at common is: https://en.wikipedia.org/wiki/Programming_language
Set at proprietary is: https://en.wikipedia.org/wiki/Programming_language
Set at throughout is: https://en.wikipedia.org/wiki/Programming_language
Set at 70 is: https://en.wikipedia.org/wiki/Programming_language
Set at definition is: https://en.wikipedia.org/wiki/Programming_language
Set at 71 is: https://en.wikipedia.org/wiki/Programming_language
Set at 72 is: https://en.wikipedia.org/wiki/Programming_language
Set at emphasize is: https://en.wikipedia.org/wiki/Programming_language
Set at 73 is: https://en.wikipedia.org/wiki/Programming_language
Set at every is: https://en.wikipedia.org/wiki/Programming_language
Set at mask is: https://en.wikipedia.org/wiki/Programming_language
Set at types is: https://en.wikipedia.org/wiki/Programming_language
Set at encourages is: https://en.wikipedia.org/wiki/Programming_language
Set at strokes is: https://en.wikipedia.org/wiki/Programming_language
Set at cases is: https://en.wikipedia.org/wiki/Programming_language
Set at previous is: https://en.wikipedia.org/wiki/Programming_language
Set at again is: https://en.wikipedia.org/wiki/Programming_language
Set at indeed is: https://en.wikipedia.org/wiki/Programming_language
Set at flute is: https://en.wikipedia.org/wiki/Programming_language
Set at typed is: https://en.wikipedia.org/wiki/Programming_language
Set at artificial is: https://en.wikipedia.org/wiki/Programming_language
Set at untyped is: https://en.wikipedia.org/wiki/Programming_language
Set at z3 is: https://en.wikipedia.org/wiki/Programming_language
Set at ones is: https://en.wikipedia.org/wiki/Programming_language
Set at step is: https://en.wikipedia.org/wiki/Programming_language
Set at mark is: https://en.wikipedia.org/wiki/Programming_language
Set at 3gls is: https://en.wikipedia.org/wiki/Programming_language
Set at software is: https://en.wikipedia.org/wiki/Programming_language
Set at trend is: https://en.wikipedia.org/wiki/Programming_language
Set at graphical is: https://en.wikipedia.org/wiki/Programming_language
Set at axes is: https://en.wikipedia.org/wiki/Programming_language
Set at during is: https://en.wikipedia.org/wiki/Programming_language
Set at type is: https://en.wikipedia.org/wiki/Programming_language
Set at degrees is: https://en.wikipedia.org/wiki/Programming_language
Set at grammar is: https://en.wikipedia.org/wiki/Programming_language
Set at problem is: https://en.wikipedia.org/wiki/Programming_language
Set at terms is: https://en.wikipedia.org/wiki/Programming_language
Set at safety is: https://en.wikipedia.org/wiki/Programming_language
Set at enable is: https://en.wikipedia.org/wiki/Programming_language
Set at between is: https://en.wikipedia.org/wiki/Programming_language
Set at attempts is: https://en.wikipedia.org/wiki/Programming_language
Set at phase is: https://en.wikipedia.org/wiki/Programming_language
Set at still is: https://en.wikipedia.org/wiki/Programming_language
Set at goal is: https://en.wikipedia.org/wiki/Programming_language
Set at natural is: https://en.wikipedia.org/wiki/Programming_language
Set at arise is: https://en.wikipedia.org/wiki/Programming_language
Set at procedural is: https://en.wikipedia.org/wiki/Programming_language
Set at agree is: https://en.wikipedia.org/wiki/Programming_language
Set at benchmark is: https://en.wikipedia.org/wiki/Programming_language
Set at exist is: https://en.wikipedia.org/wiki/Programming_language
Set at combinations is: https://en.wikipedia.org/wiki/Programming_language
Set at examples is: https://en.wikipedia.org/wiki/Programming_language
Set at among is: https://en.wikipedia.org/wiki/Programming_language
Set at following is: https://en.wikipedia.org/wiki/Programming_language
Set at exact is: https://en.wikipedia.org/wiki/Programming_language
Set at substantially is: https://en.wikipedia.org/wiki/Programming_language
Set at theory is: https://en.wikipedia.org/wiki/Programming_language
Set at specifies is: https://en.wikipedia.org/wiki/Programming_language
Set at internal is: https://en.wikipedia.org/wiki/Programming_language
Set at pascal is: https://en.wikipedia.org/wiki/Programming_language
Set at specified is: https://en.wikipedia.org/wiki/Programming_language
Set at weak is: https://en.wikipedia.org/wiki/Programming_language
Set at out is: https://en.wikipedia.org/wiki/Programming_language
Set at across is: https://en.wikipedia.org/wiki/Programming_language
Set at orthogonal is: https://en.wikipedia.org/wiki/Programming_language
Set at feature is: https://en.wikipedia.org/wiki/Programming_language
Set at moreover is: https://en.wikipedia.org/wiki/Programming_language
Set at elaborated is: https://en.wikipedia.org/wiki/Programming_language
Set at writing is: https://en.wikipedia.org/wiki/Programming_language
Set at continues is: https://en.wikipedia.org/wiki/Programming_language
Set at verify is: https://en.wikipedia.org/wiki/Programming_language
Set at leap is: https://en.wikipedia.org/wiki/Programming_language
Set at precise is: https://en.wikipedia.org/wiki/Programming_language
Set at regular is: https://en.wikipedia.org/wiki/Programming_language
Set at 1970s is: https://en.wikipedia.org/wiki/Programming_language
Set at include is: https://en.wikipedia.org/wiki/Programming_language
Set at simplest is: https://en.wikipedia.org/wiki/Programming_language
Set at abstract is: https://en.wikipedia.org/wiki/Programming_language
Set at converts is: https://en.wikipedia.org/wiki/Programming_language
Set at consolidation is: https://en.wikipedia.org/wiki/Programming_language
Set at token is: https://en.wikipedia.org/wiki/Programming_language
Set at help is: https://en.wikipedia.org/wiki/Programming_language
Set at expect is: https://en.wikipedia.org/wiki/Programming_language
Set at structuring is: https://en.wikipedia.org/wiki/Programming_language
Set at additionally is: https://en.wikipedia.org/wiki/Programming_language
Set at elements is: https://en.wikipedia.org/wiki/Programming_language
Set at cannot is: https://en.wikipedia.org/wiki/Programming_language
Set at anonymous is: https://en.wikipedia.org/wiki/Programming_language
Set at prone is: https://en.wikipedia.org/wiki/Programming_language
Set at runs is: https://en.wikipedia.org/wiki/Programming_language
Set at first is: https://en.wikipedia.org/wiki/Programming_language
Set at mathematical is: https://en.wikipedia.org/wiki/Programming_language
Set at succeeds is: https://en.wikipedia.org/wiki/Programming_language
Set at data is: https://en.wikipedia.org/wiki/Programming_language
Set at theoretical is: https://en.wikipedia.org/wiki/Programming_language
Set at float is: https://en.wikipedia.org/wiki/Programming_language
Set at minority is: https://en.wikipedia.org/wiki/Programming_language
Set at descending is: https://en.wikipedia.org/wiki/Programming_language
Set at reference is: https://en.wikipedia.org/wiki/Programming_language
Set at optimisation is: https://en.wikipedia.org/wiki/Programming_language
Set at spite is: https://en.wikipedia.org/wiki/Programming_language
Set at describing is: https://en.wikipedia.org/wiki/Programming_language
Set at only is: https://en.wikipedia.org/wiki/Programming_language
Set at should is: https://en.wikipedia.org/wiki/Programming_language
Set at inferred is: https://en.wikipedia.org/wiki/Programming_language
Set at create is: https://en.wikipedia.org/wiki/Programming_language
Set at from is: https://en.wikipedia.org/wiki/Programming_language
Set at html is: https://en.wikipedia.org/wiki/Programming_language
Set at mechanisms is: https://en.wikipedia.org/wiki/Programming_language
Set at readable is: https://en.wikipedia.org/wiki/Programming_language
Set at matlab is: https://en.wikipedia.org/wiki/Programming_language
Set at development is: https://en.wikipedia.org/wiki/Programming_language
Set at like is: https://en.wikipedia.org/wiki/Programming_language
Set at ill is: https://en.wikipedia.org/wiki/Programming_language
Set at accepted is: https://en.wikipedia.org/wiki/Programming_language
Set at published is: https://en.wikipedia.org/wiki/Programming_language
Set at failed is: https://en.wikipedia.org/wiki/Programming_language
Set at regards is: https://en.wikipedia.org/wiki/Programming_language
Set at grammatically is: https://en.wikipedia.org/wiki/Programming_language
Set at sequence is: https://en.wikipedia.org/wiki/Programming_language
Set at core is: https://en.wikipedia.org/wiki/Programming_language
Set at proposed is: https://en.wikipedia.org/wiki/Programming_language
Set at person is: https://en.wikipedia.org/wiki/Programming_language
Set at purposes is: https://en.wikipedia.org/wiki/Programming_language
Set at safe is: https://en.wikipedia.org/wiki/Programming_language
Set at enforce is: https://en.wikipedia.org/wiki/Programming_language
Set at ground is: https://en.wikipedia.org/wiki/Programming_language
Set at potentially is: https://en.wikipedia.org/wiki/Programming_language
Set at >> is: https://en.wikipedia.org/wiki/Programming_language
Set at here is: https://en.wikipedia.org/wiki/Programming_language
Set at ancestry is: https://en.wikipedia.org/wiki/Programming_language
Set at solving is: https://en.wikipedia.org/wiki/Programming_language
Set at purpose is: https://en.wikipedia.org/wiki/Programming_language
Set at rejected is: https://en.wikipedia.org/wiki/Programming_language
Set at mercury is: https://en.wikipedia.org/wiki/Programming_language
Set at line is: https://en.wikipedia.org/wiki/Programming_language
Set at scientific is: https://en.wikipedia.org/wiki/Programming_language
Set at weakly is: https://en.wikipedia.org/wiki/Programming_language
Set at scale is: https://en.wikipedia.org/wiki/Programming_language
Set at distinct is: https://en.wikipedia.org/wiki/Programming_language
Set at interact is: https://en.wikipedia.org/wiki/Programming_language
Set at statements is: https://en.wikipedia.org/wiki/Programming_language
Set at error is: https://en.wikipedia.org/wiki/Programming_language
Set at can is: https://en.wikipedia.org/wiki/Programming_language
Set at computing is: https://en.wikipedia.org/wiki/Programming_language
Set at security is: https://en.wikipedia.org/wiki/Programming_language
Set at operations is: https://en.wikipedia.org/wiki/Programming_language
Set at paper is: https://en.wikipedia.org/wiki/Programming_language
Set at array is: https://en.wikipedia.org/wiki/Programming_language
Set at 1990s is: https://en.wikipedia.org/wiki/Programming_language
Set at tcl is: https://en.wikipedia.org/wiki/Programming_language
Set at value is: https://en.wikipedia.org/wiki/Programming_language
Set at player is: https://en.wikipedia.org/wiki/Programming_language
Set at carried is: https://en.wikipedia.org/wiki/Programming_language
Set at enforced is: https://en.wikipedia.org/wiki/Programming_language
Set at programmable is: https://en.wikipedia.org/wiki/Programming_language
Set at constructed is: https://en.wikipedia.org/wiki/Programming_language
Set at computations is: https://en.wikipedia.org/wiki/Programming_language
Set at soundness is: https://en.wikipedia.org/wiki/Programming_language
Set at limited is: https://en.wikipedia.org/wiki/Programming_language
Set at will is: https://en.wikipedia.org/wiki/Programming_language
Set at studied is: https://en.wikipedia.org/wiki/Programming_language
Set at implementation is: https://en.wikipedia.org/wiki/Programming_language
Set at spent is: https://en.wikipedia.org/wiki/Programming_language
Set at resources is: https://en.wikipedia.org/wiki/Programming_language
Set at standardize is: https://en.wikipedia.org/wiki/Programming_language
Set at intent is: https://en.wikipedia.org/wiki/Programming_language
Set at loopholes is: https://en.wikipedia.org/wiki/Programming_language
Set at int is: https://en.wikipedia.org/wiki/Programming_language
Set at command is: https://en.wikipedia.org/wiki/Programming_language
Set at factors is: https://en.wikipedia.org/wiki/Programming_language
Set at fragment is: https://en.wikipedia.org/wiki/Programming_language
Set at performance is: https://en.wikipedia.org/wiki/Programming_language
Set at trade is: https://en.wikipedia.org/wiki/Programming_language
Set at variable is: https://en.wikipedia.org/wiki/Programming_language
Set at growth is: https://en.wikipedia.org/wiki/Programming_language
Set at arguments is: https://en.wikipedia.org/wiki/Programming_language
Set at normally is: https://en.wikipedia.org/wiki/Programming_language
Starting testGetCounts()
getURLs called with: the
Getting count for: https://en.wikipedia.org/wiki/Java_(programming_language)
getCount called for url: https://en.wikipedia.org/wiki/Java_(programming_language) and term: the
Data is: 339
Count is: 339
Getting count for: https://en.wikipedia.org/wiki/Programming_language
getCount called for url: https://en.wikipedia.org/wiki/Programming_language and term: the
Data is: 264
Count is: 264
Running tearDown
]]></system-out>
  <system-err><![CDATA[]]></system-err>
</testsuite>
